
NOTICE Undefined offset: 1 /usr/local/cpanel/whostmgr/docroot/cgi/softaculous/enduser/main/functions.php 11676
NOTICE Undefined offset: 1 /usr/local/cpanel/whostmgr/docroot/cgi/softaculous/enduser/main/functions.php 11676
WARNING
WARNING
WARNING
WARNING
WARNING
NOTICE Undefined variable: query_buffer /usr/local/cpanel/whostmgr/docroot/cgi/softaculous/enduser/main/functions/clone_mysql_functions.php 2097748
WARNING
WARNING
WARNING
WARNING
WARNING
WARNING
NOTICE Undefined variable: query_buffer /usr/local/cpanel/whostmgr/docroot/cgi/softaculous/enduser/main/functions/clone_mysql_functions.php 2097748
WARNING
WARNING
NOTICE Undefined variable: query_buffer /usr/local/cpanel/whostmgr/docroot/cgi/softaculous/enduser/main/functions/clone_mysql_functions.php 2097748
WARNING
WARNING
NOTICE Undefined variable: query_buffer /usr/local/cpanel/whostmgr/docroot/cgi/softaculous/enduser/main/functions/clone_mysql_functions.php 2097748
WARNING
WARNING
WARNING
WARNING
NOTICE Undefined variable: query_buffer /usr/local/cpanel/whostmgr/docroot/cgi/softaculous/enduser/main/functions/clone_mysql_functions.php 2097748
WARNING
WARNING
NOTICE Undefined variable: query_buffer /usr/local/cpanel/whostmgr/docroot/cgi/softaculous/enduser/main/functions/clone_mysql_functions.php 2097748
WARNING
WARNING
NOTICE Undefined variable: query_buffer /usr/local/cpanel/whostmgr/docroot/cgi/softaculous/enduser/main/functions/clone_mysql_functions.php 2097748
WARNING
WARNING
NOTICE Undefined variable: query_buffer /usr/local/cpanel/whostmgr/docroot/cgi/softaculous/enduser/main/functions/clone_mysql_functions.php 2097748
WARNING
WARNING
NOTICE Undefined variable: query_buffer /usr/local/cpanel/whostmgr/docroot/cgi/softaculous/enduser/main/functions/clone_mysql_functions.php 2097748
NOTICE Undefined variable: result /usr/local/cpanel/whostmgr/docroot/cgi/softaculous/enduser/main/functions/clone_mysql_functions.php 209
WARNING
WARNING
WARNING
NOTICE unserialize(): Error at offset 116 of 608 bytes /usr/local/cpanel/whostmgr/docroot/cgi/softaculous/enduser/main/functions.php 1643
NOTICE unserialize(): Error at offset 314 of 671 bytes /usr/local/cpanel/whostmgr/docroot/cgi/softaculous/enduser/main/functions.php 1643
NOTICE unserialize(): Error at offset 314 of 454 bytes /usr/local/cpanel/whostmgr/docroot/cgi/softaculous/enduser/main/functions.php 1643
NOTICE unserialize(): Error at offset 396 of 524 bytes /usr/local/cpanel/whostmgr/docroot/cgi/softaculous/enduser/main/functions.php 1643
NOTICE unserialize(): Error at offset 314 of 454 bytes /usr/local/cpanel/whostmgr/docroot/cgi/softaculous/enduser/main/functions.php 1643
NOTICE unserialize(): Error at offset 384 of 512 bytes /usr/local/cpanel/whostmgr/docroot/cgi/softaculous/enduser/main/functions.php 1643
NOTICE unserialize(): Error at offset 327 of 467 bytes /usr/local/cpanel/whostmgr/docroot/cgi/softaculous/enduser/main/functions.php 1643
NOTICE unserialize(): Error at offset 394 of 522 bytes /usr/local/cpanel/whostmgr/docroot/cgi/softaculous/enduser/main/functions.php 1643
NOTICE unserialize(): Error at offset 327 of 467 bytes /usr/local/cpanel/whostmgr/docroot/cgi/softaculous/enduser/main/functions.php 1643
NOTICE unserialize(): Error at offset 384 of 512 bytes /usr/local/cpanel/whostmgr/docroot/cgi/softaculous/enduser/main/functions.php 1643
NOTICE unserialize(): Error at offset 384 of 512 bytes /usr/local/cpanel/whostmgr/docroot/cgi/softaculous/enduser/main/functions.php 1643
NOTICE unserialize(): Error at offset 314 of 454 bytes /usr/local/cpanel/whostmgr/docroot/cgi/softaculous/enduser/main/functions.php 1643
NOTICE unserialize(): Error at offset 314 of 454 bytes /usr/local/cpanel/whostmgr/docroot/cgi/softaculous/enduser/main/functions.php 1643
NOTICE unserialize(): Error at offset 384 of 512 bytes /usr/local/cpanel/whostmgr/docroot/cgi/softaculous/enduser/main/functions.php 1643
WARNING
WARNING
NOTICE Undefined index: wwwdir /usr/local/cpanel/whostmgr/docroot/cgi/softaculous/enduser/main/sclone.php 1323
NOTICE Undefined index: softdatadir /usr/local/cpanel/whostmgr/docroot/cgi/softaculous/enduser/main/sclone.php 1324
NOTICE Undefined index: cron_command /usr/local/cpanel/whostmgr/docroot/cgi/softaculous/enduser/main/sclone.php 1329
NOTICE Undefined index: pgtimezone /usr/local/cpanel/whostmgr/docroot/cgi/softaculous/enduser/main/functions.php 68
NOTICE Undefined index: pgtimezone /usr/local/cpanel/whostmgr/docroot/cgi/softaculous/enduser/main/functions.php 78