
NOTICE Undefined index: name /usr/local/cpanel/whostmgr/docroot/cgi/softaculous/enduser/main/functions.php 4022
NOTICE Undefined offset: 1 /usr/local/cpanel/whostmgr/docroot/cgi/softaculous/enduser/main/functions.php 11424
NOTICE Undefined offset: 1 /usr/local/cpanel/whostmgr/docroot/cgi/softaculous/enduser/main/functions.php 11424
NOTICE Undefined index: name /usr/local/cpanel/whostmgr/docroot/cgi/softaculous/enduser/hooks/pre_clone_cagefs.php 58
NOTICE Undefined index: name /usr/local/cpanel/whostmgr/docroot/cgi/softaculous/enduser/hooks/pre_clone_cagefs.php 70
NOTICE Use of undefined constant eu_php_bin - assumed 'eu_php_bin' /usr/local/cpanel/whostmgr/docroot/cgi/softaculous/enduser/hooks/pre_clone_cagefs.php 96
NOTICE Undefined index: name /usr/local/cpanel/whostmgr/docroot/cgi/softaculous/enduser/hooks/pre_clone_cagefs.php 122
NOTICE Constant eu_php_bin already defined /usr/local/cpanel/whostmgr/docroot/cgi/softaculous/enduser/hooks/pre_clone_cagefs.php 188
NOTICE Undefined index: path /usr/local/cpanel/whostmgr/docroot/cgi/softaculous/enduser/main/sclone.php 946
WARNING
WARNING
WARNING
WARNING
NOTICE Undefined variable: query_buffer /usr/local/cpanel/whostmgr/docroot/cgi/softaculous/enduser/main/functions/clone_mysql_functions.php 2097746
WARNING
WARNING
WARNING
WARNING
WARNING
WARNING
NOTICE Undefined variable: query_buffer /usr/local/cpanel/whostmgr/docroot/cgi/softaculous/enduser/main/functions/clone_mysql_functions.php 2097746
WARNING
WARNING
NOTICE Undefined variable: query_buffer /usr/local/cpanel/whostmgr/docroot/cgi/softaculous/enduser/main/functions/clone_mysql_functions.php 2097746
WARNING
WARNING
NOTICE Undefined variable: query_buffer /usr/local/cpanel/whostmgr/docroot/cgi/softaculous/enduser/main/functions/clone_mysql_functions.php 2097746
WARNING
WARNING
WARNING
WARNING
NOTICE Undefined variable: query_buffer /usr/local/cpanel/whostmgr/docroot/cgi/softaculous/enduser/main/functions/clone_mysql_functions.php 2097746
WARNING
WARNING
NOTICE Undefined variable: query_buffer /usr/local/cpanel/whostmgr/docroot/cgi/softaculous/enduser/main/functions/clone_mysql_functions.php 2097746
WARNING
WARNING
NOTICE Undefined variable: query_buffer /usr/local/cpanel/whostmgr/docroot/cgi/softaculous/enduser/main/functions/clone_mysql_functions.php 2097746
WARNING
WARNING
NOTICE Undefined variable: query_buffer /usr/local/cpanel/whostmgr/docroot/cgi/softaculous/enduser/main/functions/clone_mysql_functions.php 2097746
WARNING
WARNING
NOTICE Undefined variable: query_buffer /usr/local/cpanel/whostmgr/docroot/cgi/softaculous/enduser/main/functions/clone_mysql_functions.php 2097746
NOTICE Undefined variable: result /usr/local/cpanel/whostmgr/docroot/cgi/softaculous/enduser/main/functions/clone_mysql_functions.php 207
WARNING
WARNING
WARNING
WARNING
WARNING
NOTICE unserialize(): Error at offset 101 of 559 bytes /usr/local/cpanel/whostmgr/docroot/cgi/softaculous/enduser/main/functions.php 1643
NOTICE unserialize(): Error at offset 301 of 641 bytes /usr/local/cpanel/whostmgr/docroot/cgi/softaculous/enduser/main/functions.php 1643
NOTICE unserialize(): Error at offset 131029 of 176638 bytes /usr/local/cpanel/whostmgr/docroot/cgi/softaculous/enduser/main/functions.php 1643
NOTICE unserialize(): Error at offset 10959 of 259086 bytes /usr/local/cpanel/whostmgr/docroot/cgi/softaculous/enduser/main/functions.php 1643
NOTICE unserialize(): Error at offset 81217 of 106074 bytes /usr/local/cpanel/whostmgr/docroot/cgi/softaculous/enduser/main/functions.php 1643
NOTICE unserialize(): Error at offset 301 of 444 bytes /usr/local/cpanel/whostmgr/docroot/cgi/softaculous/enduser/main/functions.php 1643
NOTICE unserialize(): Error at offset 383 of 514 bytes /usr/local/cpanel/whostmgr/docroot/cgi/softaculous/enduser/main/functions.php 1643
NOTICE unserialize(): Error at offset 301 of 444 bytes /usr/local/cpanel/whostmgr/docroot/cgi/softaculous/enduser/main/functions.php 1643
NOTICE unserialize(): Error at offset 371 of 502 bytes /usr/local/cpanel/whostmgr/docroot/cgi/softaculous/enduser/main/functions.php 1643
NOTICE unserialize(): Error at offset 314 of 457 bytes /usr/local/cpanel/whostmgr/docroot/cgi/softaculous/enduser/main/functions.php 1643
NOTICE unserialize(): Error at offset 381 of 512 bytes /usr/local/cpanel/whostmgr/docroot/cgi/softaculous/enduser/main/functions.php 1643
NOTICE unserialize(): Error at offset 314 of 457 bytes /usr/local/cpanel/whostmgr/docroot/cgi/softaculous/enduser/main/functions.php 1643
NOTICE unserialize(): Error at offset 371 of 502 bytes /usr/local/cpanel/whostmgr/docroot/cgi/softaculous/enduser/main/functions.php 1643
NOTICE unserialize(): Error at offset 371 of 502 bytes /usr/local/cpanel/whostmgr/docroot/cgi/softaculous/enduser/main/functions.php 1643
NOTICE unserialize(): Error at offset 301 of 444 bytes /usr/local/cpanel/whostmgr/docroot/cgi/softaculous/enduser/main/functions.php 1643
NOTICE unserialize(): Error at offset 301 of 444 bytes /usr/local/cpanel/whostmgr/docroot/cgi/softaculous/enduser/main/functions.php 1643
NOTICE unserialize(): Error at offset 371 of 502 bytes /usr/local/cpanel/whostmgr/docroot/cgi/softaculous/enduser/main/functions.php 1643
WARNING
WARNING
NOTICE Undefined index: wwwdir /usr/local/cpanel/whostmgr/docroot/cgi/softaculous/enduser/main/sclone.php 1228
NOTICE Undefined index: softdatadir /usr/local/cpanel/whostmgr/docroot/cgi/softaculous/enduser/main/sclone.php 1229
NOTICE Undefined index: cron_command /usr/local/cpanel/whostmgr/docroot/cgi/softaculous/enduser/main/sclone.php 1234
NOTICE Undefined index: pgtimezone /usr/local/cpanel/whostmgr/docroot/cgi/softaculous/enduser/main/functions.php 68
NOTICE Undefined index: pgtimezone /usr/local/cpanel/whostmgr/docroot/cgi/softaculous/enduser/main/functions.php 78
NOTICE Undefined index: name /usr/local/cpanel/whostmgr/docroot/cgi/softaculous/enduser/main/sclone.php 1239
NOTICE Undefined index: name /usr/local/cpanel/whostmgr/docroot/cgi/softaculous/enduser/main/functions.php 4022
NOTICE Undefined offset: 1 /usr/local/cpanel/whostmgr/docroot/cgi/softaculous/enduser/main/functions.php 11424
NOTICE Undefined offset: 1 /usr/local/cpanel/whostmgr/docroot/cgi/softaculous/enduser/main/functions.php 11424
NOTICE Undefined index: name /usr/local/cpanel/whostmgr/docroot/cgi/softaculous/enduser/hooks/pre_clone_cagefs.php 58
NOTICE Undefined index: name /usr/local/cpanel/whostmgr/docroot/cgi/softaculous/enduser/hooks/pre_clone_cagefs.php 70
NOTICE Use of undefined constant eu_php_bin - assumed 'eu_php_bin' /usr/local/cpanel/whostmgr/docroot/cgi/softaculous/enduser/hooks/pre_clone_cagefs.php 96
NOTICE Undefined index: name /usr/local/cpanel/whostmgr/docroot/cgi/softaculous/enduser/hooks/pre_clone_cagefs.php 122
NOTICE Constant eu_php_bin already defined /usr/local/cpanel/whostmgr/docroot/cgi/softaculous/enduser/hooks/pre_clone_cagefs.php 188
NOTICE Undefined index: path /usr/local/cpanel/whostmgr/docroot/cgi/softaculous/enduser/main/sclone.php 946
WARNING
WARNING
WARNING
WARNING
NOTICE Undefined variable: query_buffer /usr/local/cpanel/whostmgr/docroot/cgi/softaculous/enduser/main/functions/clone_mysql_functions.php 2097746
WARNING
WARNING
WARNING
WARNING
WARNING
WARNING
NOTICE Undefined variable: query_buffer /usr/local/cpanel/whostmgr/docroot/cgi/softaculous/enduser/main/functions/clone_mysql_functions.php 2097746
WARNING
WARNING
NOTICE Undefined variable: query_buffer /usr/local/cpanel/whostmgr/docroot/cgi/softaculous/enduser/main/functions/clone_mysql_functions.php 2097746
WARNING
WARNING
NOTICE Undefined variable: query_buffer /usr/local/cpanel/whostmgr/docroot/cgi/softaculous/enduser/main/functions/clone_mysql_functions.php 2097746
WARNING
WARNING
WARNING
WARNING
NOTICE Undefined variable: query_buffer /usr/local/cpanel/whostmgr/docroot/cgi/softaculous/enduser/main/functions/clone_mysql_functions.php 2097746
WARNING
WARNING
NOTICE Undefined variable: query_buffer /usr/local/cpanel/whostmgr/docroot/cgi/softaculous/enduser/main/functions/clone_mysql_functions.php 2097746
WARNING
WARNING
NOTICE Undefined variable: query_buffer /usr/local/cpanel/whostmgr/docroot/cgi/softaculous/enduser/main/functions/clone_mysql_functions.php 2097746
WARNING
WARNING
NOTICE Undefined variable: query_buffer /usr/local/cpanel/whostmgr/docroot/cgi/softaculous/enduser/main/functions/clone_mysql_functions.php 2097746
WARNING
WARNING
NOTICE Undefined variable: query_buffer /usr/local/cpanel/whostmgr/docroot/cgi/softaculous/enduser/main/functions/clone_mysql_functions.php 2097746
NOTICE Undefined variable: result /usr/local/cpanel/whostmgr/docroot/cgi/softaculous/enduser/main/functions/clone_mysql_functions.php 207
WARNING
WARNING
WARNING
WARNING
WARNING
NOTICE unserialize(): Error at offset 101 of 579 bytes /usr/local/cpanel/whostmgr/docroot/cgi/softaculous/enduser/main/functions.php 1643
NOTICE unserialize(): Error at offset 301 of 728 bytes /usr/local/cpanel/whostmgr/docroot/cgi/softaculous/enduser/main/functions.php 1643
NOTICE unserialize(): Error at offset 131029 of 176638 bytes /usr/local/cpanel/whostmgr/docroot/cgi/softaculous/enduser/main/functions.php 1643
NOTICE unserialize(): Error at offset 10959 of 259086 bytes /usr/local/cpanel/whostmgr/docroot/cgi/softaculous/enduser/main/functions.php 1643
NOTICE unserialize(): Error at offset 81217 of 106074 bytes /usr/local/cpanel/whostmgr/docroot/cgi/softaculous/enduser/main/functions.php 1643
NOTICE unserialize(): Error at offset 301 of 473 bytes /usr/local/cpanel/whostmgr/docroot/cgi/softaculous/enduser/main/functions.php 1643
NOTICE unserialize(): Error at offset 383 of 543 bytes /usr/local/cpanel/whostmgr/docroot/cgi/softaculous/enduser/main/functions.php 1643
NOTICE unserialize(): Error at offset 301 of 473 bytes /usr/local/cpanel/whostmgr/docroot/cgi/softaculous/enduser/main/functions.php 1643
NOTICE unserialize(): Error at offset 371 of 531 bytes /usr/local/cpanel/whostmgr/docroot/cgi/softaculous/enduser/main/functions.php 1643
NOTICE unserialize(): Error at offset 314 of 486 bytes /usr/local/cpanel/whostmgr/docroot/cgi/softaculous/enduser/main/functions.php 1643
NOTICE unserialize(): Error at offset 381 of 541 bytes /usr/local/cpanel/whostmgr/docroot/cgi/softaculous/enduser/main/functions.php 1643
NOTICE unserialize(): Error at offset 314 of 486 bytes /usr/local/cpanel/whostmgr/docroot/cgi/softaculous/enduser/main/functions.php 1643
NOTICE unserialize(): Error at offset 371 of 531 bytes /usr/local/cpanel/whostmgr/docroot/cgi/softaculous/enduser/main/functions.php 1643
NOTICE unserialize(): Error at offset 371 of 531 bytes /usr/local/cpanel/whostmgr/docroot/cgi/softaculous/enduser/main/functions.php 1643
NOTICE unserialize(): Error at offset 301 of 473 bytes /usr/local/cpanel/whostmgr/docroot/cgi/softaculous/enduser/main/functions.php 1643
NOTICE unserialize(): Error at offset 301 of 473 bytes /usr/local/cpanel/whostmgr/docroot/cgi/softaculous/enduser/main/functions.php 1643
NOTICE unserialize(): Error at offset 371 of 531 bytes /usr/local/cpanel/whostmgr/docroot/cgi/softaculous/enduser/main/functions.php 1643
WARNING
WARNING
NOTICE Undefined index: wwwdir /usr/local/cpanel/whostmgr/docroot/cgi/softaculous/enduser/main/sclone.php 1228
NOTICE Undefined index: softdatadir /usr/local/cpanel/whostmgr/docroot/cgi/softaculous/enduser/main/sclone.php 1229
NOTICE Undefined index: cron_command /usr/local/cpanel/whostmgr/docroot/cgi/softaculous/enduser/main/sclone.php 1234
NOTICE Undefined index: pgtimezone /usr/local/cpanel/whostmgr/docroot/cgi/softaculous/enduser/main/functions.php 68
NOTICE Undefined index: pgtimezone /usr/local/cpanel/whostmgr/docroot/cgi/softaculous/enduser/main/functions.php 78
NOTICE Undefined index: name /usr/local/cpanel/whostmgr/docroot/cgi/softaculous/enduser/main/sclone.php 1239
NOTICE Undefined index: name /usr/local/cpanel/whostmgr/docroot/cgi/softaculous/enduser/main/functions.php 4022
NOTICE Undefined offset: 1 /usr/local/cpanel/whostmgr/docroot/cgi/softaculous/enduser/main/functions.php 11424
NOTICE Undefined offset: 1 /usr/local/cpanel/whostmgr/docroot/cgi/softaculous/enduser/main/functions.php 11424
NOTICE Undefined index: name /usr/local/cpanel/whostmgr/docroot/cgi/softaculous/enduser/hooks/pre_clone_cagefs.php 58
NOTICE Undefined index: name /usr/local/cpanel/whostmgr/docroot/cgi/softaculous/enduser/hooks/pre_clone_cagefs.php 70
NOTICE Use of undefined constant eu_php_bin - assumed 'eu_php_bin' /usr/local/cpanel/whostmgr/docroot/cgi/softaculous/enduser/hooks/pre_clone_cagefs.php 96
NOTICE Undefined index: name /usr/local/cpanel/whostmgr/docroot/cgi/softaculous/enduser/hooks/pre_clone_cagefs.php 122
NOTICE Constant eu_php_bin already defined /usr/local/cpanel/whostmgr/docroot/cgi/softaculous/enduser/hooks/pre_clone_cagefs.php 188
NOTICE Undefined index: path /usr/local/cpanel/whostmgr/docroot/cgi/softaculous/enduser/main/sclone.php 946
WARNING
WARNING
WARNING
WARNING
NOTICE Undefined variable: query_buffer /usr/local/cpanel/whostmgr/docroot/cgi/softaculous/enduser/main/functions/clone_mysql_functions.php 2097746
WARNING
WARNING
WARNING
WARNING
WARNING
WARNING
NOTICE Undefined variable: query_buffer /usr/local/cpanel/whostmgr/docroot/cgi/softaculous/enduser/main/functions/clone_mysql_functions.php 2097746
WARNING
WARNING
NOTICE Undefined variable: query_buffer /usr/local/cpanel/whostmgr/docroot/cgi/softaculous/enduser/main/functions/clone_mysql_functions.php 2097746
WARNING
WARNING
NOTICE Undefined variable: query_buffer /usr/local/cpanel/whostmgr/docroot/cgi/softaculous/enduser/main/functions/clone_mysql_functions.php 2097746
WARNING
WARNING
WARNING
WARNING
NOTICE Undefined variable: query_buffer /usr/local/cpanel/whostmgr/docroot/cgi/softaculous/enduser/main/functions/clone_mysql_functions.php 2097746
WARNING
WARNING
NOTICE Undefined variable: query_buffer /usr/local/cpanel/whostmgr/docroot/cgi/softaculous/enduser/main/functions/clone_mysql_functions.php 2097746
WARNING
WARNING
NOTICE Undefined variable: query_buffer /usr/local/cpanel/whostmgr/docroot/cgi/softaculous/enduser/main/functions/clone_mysql_functions.php 2097746
WARNING
WARNING
NOTICE Undefined variable: query_buffer /usr/local/cpanel/whostmgr/docroot/cgi/softaculous/enduser/main/functions/clone_mysql_functions.php 2097746
WARNING
WARNING
NOTICE Undefined variable: query_buffer /usr/local/cpanel/whostmgr/docroot/cgi/softaculous/enduser/main/functions/clone_mysql_functions.php 2097746
NOTICE Undefined variable: result /usr/local/cpanel/whostmgr/docroot/cgi/softaculous/enduser/main/functions/clone_mysql_functions.php 207
WARNING
WARNING
WARNING
WARNING
WARNING
NOTICE unserialize(): Error at offset 101 of 614 bytes /usr/local/cpanel/whostmgr/docroot/cgi/softaculous/enduser/main/functions.php 1643
NOTICE unserialize(): Error at offset 301 of 674 bytes /usr/local/cpanel/whostmgr/docroot/cgi/softaculous/enduser/main/functions.php 1643
NOTICE unserialize(): Error at offset 131029 of 176638 bytes /usr/local/cpanel/whostmgr/docroot/cgi/softaculous/enduser/main/functions.php 1643
NOTICE unserialize(): Error at offset 10959 of 259086 bytes /usr/local/cpanel/whostmgr/docroot/cgi/softaculous/enduser/main/functions.php 1643
NOTICE unserialize(): Error at offset 81217 of 106074 bytes /usr/local/cpanel/whostmgr/docroot/cgi/softaculous/enduser/main/functions.php 1643
NOTICE unserialize(): Error at offset 301 of 455 bytes /usr/local/cpanel/whostmgr/docroot/cgi/softaculous/enduser/main/functions.php 1643
NOTICE unserialize(): Error at offset 383 of 525 bytes /usr/local/cpanel/whostmgr/docroot/cgi/softaculous/enduser/main/functions.php 1643
NOTICE unserialize(): Error at offset 301 of 455 bytes /usr/local/cpanel/whostmgr/docroot/cgi/softaculous/enduser/main/functions.php 1643
NOTICE unserialize(): Error at offset 371 of 513 bytes /usr/local/cpanel/whostmgr/docroot/cgi/softaculous/enduser/main/functions.php 1643
NOTICE unserialize(): Error at offset 314 of 468 bytes /usr/local/cpanel/whostmgr/docroot/cgi/softaculous/enduser/main/functions.php 1643
NOTICE unserialize(): Error at offset 381 of 523 bytes /usr/local/cpanel/whostmgr/docroot/cgi/softaculous/enduser/main/functions.php 1643
NOTICE unserialize(): Error at offset 314 of 468 bytes /usr/local/cpanel/whostmgr/docroot/cgi/softaculous/enduser/main/functions.php 1643
NOTICE unserialize(): Error at offset 371 of 513 bytes /usr/local/cpanel/whostmgr/docroot/cgi/softaculous/enduser/main/functions.php 1643
NOTICE unserialize(): Error at offset 371 of 513 bytes /usr/local/cpanel/whostmgr/docroot/cgi/softaculous/enduser/main/functions.php 1643
NOTICE unserialize(): Error at offset 301 of 455 bytes /usr/local/cpanel/whostmgr/docroot/cgi/softaculous/enduser/main/functions.php 1643
NOTICE unserialize(): Error at offset 301 of 455 bytes /usr/local/cpanel/whostmgr/docroot/cgi/softaculous/enduser/main/functions.php 1643
NOTICE unserialize(): Error at offset 371 of 513 bytes /usr/local/cpanel/whostmgr/docroot/cgi/softaculous/enduser/main/functions.php 1643
WARNING
WARNING
NOTICE Undefined index: wwwdir /usr/local/cpanel/whostmgr/docroot/cgi/softaculous/enduser/main/sclone.php 1228
NOTICE Undefined index: softdatadir /usr/local/cpanel/whostmgr/docroot/cgi/softaculous/enduser/main/sclone.php 1229
NOTICE Undefined index: cron_command /usr/local/cpanel/whostmgr/docroot/cgi/softaculous/enduser/main/sclone.php 1234
NOTICE Undefined index: pgtimezone /usr/local/cpanel/whostmgr/docroot/cgi/softaculous/enduser/main/functions.php 68
NOTICE Undefined index: pgtimezone /usr/local/cpanel/whostmgr/docroot/cgi/softaculous/enduser/main/functions.php 78
NOTICE Undefined index: name /usr/local/cpanel/whostmgr/docroot/cgi/softaculous/enduser/main/sclone.php 1239
NOTICE Undefined index: name /usr/local/cpanel/whostmgr/docroot/cgi/softaculous/enduser/main/functions.php 4022
NOTICE Undefined offset: 1 /usr/local/cpanel/whostmgr/docroot/cgi/softaculous/enduser/main/functions.php 11424
NOTICE Undefined offset: 1 /usr/local/cpanel/whostmgr/docroot/cgi/softaculous/enduser/main/functions.php 11424
NOTICE Undefined index: name /usr/local/cpanel/whostmgr/docroot/cgi/softaculous/enduser/hooks/pre_clone_cagefs.php 58
NOTICE Undefined index: name /usr/local/cpanel/whostmgr/docroot/cgi/softaculous/enduser/hooks/pre_clone_cagefs.php 70
NOTICE Use of undefined constant eu_php_bin - assumed 'eu_php_bin' /usr/local/cpanel/whostmgr/docroot/cgi/softaculous/enduser/hooks/pre_clone_cagefs.php 96
NOTICE Undefined index: name /usr/local/cpanel/whostmgr/docroot/cgi/softaculous/enduser/hooks/pre_clone_cagefs.php 122
NOTICE Constant eu_php_bin already defined /usr/local/cpanel/whostmgr/docroot/cgi/softaculous/enduser/hooks/pre_clone_cagefs.php 188
NOTICE Undefined index: path /usr/local/cpanel/whostmgr/docroot/cgi/softaculous/enduser/main/sclone.php 946
WARNING
WARNING
WARNING
WARNING
NOTICE Undefined variable: query_buffer /usr/local/cpanel/whostmgr/docroot/cgi/softaculous/enduser/main/functions/clone_mysql_functions.php 2097746
WARNING
WARNING
WARNING
WARNING
WARNING
WARNING
NOTICE Undefined variable: query_buffer /usr/local/cpanel/whostmgr/docroot/cgi/softaculous/enduser/main/functions/clone_mysql_functions.php 2097746
WARNING
WARNING
NOTICE Undefined variable: query_buffer /usr/local/cpanel/whostmgr/docroot/cgi/softaculous/enduser/main/functions/clone_mysql_functions.php 2097746
WARNING
WARNING
NOTICE Undefined variable: query_buffer /usr/local/cpanel/whostmgr/docroot/cgi/softaculous/enduser/main/functions/clone_mysql_functions.php 2097746
WARNING
WARNING
WARNING
WARNING
NOTICE Undefined variable: query_buffer /usr/local/cpanel/whostmgr/docroot/cgi/softaculous/enduser/main/functions/clone_mysql_functions.php 2097746
WARNING
WARNING
NOTICE Undefined variable: query_buffer /usr/local/cpanel/whostmgr/docroot/cgi/softaculous/enduser/main/functions/clone_mysql_functions.php 2097746
WARNING
WARNING
NOTICE Undefined variable: query_buffer /usr/local/cpanel/whostmgr/docroot/cgi/softaculous/enduser/main/functions/clone_mysql_functions.php 2097746
WARNING
WARNING
NOTICE Undefined variable: query_buffer /usr/local/cpanel/whostmgr/docroot/cgi/softaculous/enduser/main/functions/clone_mysql_functions.php 2097746
WARNING
WARNING
NOTICE Undefined variable: query_buffer /usr/local/cpanel/whostmgr/docroot/cgi/softaculous/enduser/main/functions/clone_mysql_functions.php 2097746
NOTICE Undefined variable: result /usr/local/cpanel/whostmgr/docroot/cgi/softaculous/enduser/main/functions/clone_mysql_functions.php 207
WARNING
WARNING
WARNING
WARNING
WARNING
NOTICE unserialize(): Error at offset 105 of 464 bytes /usr/local/cpanel/whostmgr/docroot/cgi/softaculous/enduser/main/functions.php 1643
NOTICE unserialize(): Error at offset 301 of 677 bytes /usr/local/cpanel/whostmgr/docroot/cgi/softaculous/enduser/main/functions.php 1643
NOTICE unserialize(): Error at offset 40176 of 264845 bytes /usr/local/cpanel/whostmgr/docroot/cgi/softaculous/enduser/main/functions.php 1643
NOTICE unserialize(): Error at offset 130223 of 175832 bytes /usr/local/cpanel/whostmgr/docroot/cgi/softaculous/enduser/main/functions.php 1643
NOTICE unserialize(): Error at offset 81217 of 106074 bytes /usr/local/cpanel/whostmgr/docroot/cgi/softaculous/enduser/main/functions.php 1643
NOTICE unserialize(): Error at offset 301 of 456 bytes /usr/local/cpanel/whostmgr/docroot/cgi/softaculous/enduser/main/functions.php 1643
NOTICE unserialize(): Error at offset 383 of 526 bytes /usr/local/cpanel/whostmgr/docroot/cgi/softaculous/enduser/main/functions.php 1643
NOTICE unserialize(): Error at offset 301 of 456 bytes /usr/local/cpanel/whostmgr/docroot/cgi/softaculous/enduser/main/functions.php 1643
NOTICE unserialize(): Error at offset 371 of 514 bytes /usr/local/cpanel/whostmgr/docroot/cgi/softaculous/enduser/main/functions.php 1643
NOTICE unserialize(): Error at offset 314 of 469 bytes /usr/local/cpanel/whostmgr/docroot/cgi/softaculous/enduser/main/functions.php 1643
NOTICE unserialize(): Error at offset 381 of 524 bytes /usr/local/cpanel/whostmgr/docroot/cgi/softaculous/enduser/main/functions.php 1643
NOTICE unserialize(): Error at offset 314 of 469 bytes /usr/local/cpanel/whostmgr/docroot/cgi/softaculous/enduser/main/functions.php 1643
NOTICE unserialize(): Error at offset 371 of 514 bytes /usr/local/cpanel/whostmgr/docroot/cgi/softaculous/enduser/main/functions.php 1643
NOTICE unserialize(): Error at offset 371 of 514 bytes /usr/local/cpanel/whostmgr/docroot/cgi/softaculous/enduser/main/functions.php 1643
NOTICE unserialize(): Error at offset 301 of 456 bytes /usr/local/cpanel/whostmgr/docroot/cgi/softaculous/enduser/main/functions.php 1643
NOTICE unserialize(): Error at offset 301 of 456 bytes /usr/local/cpanel/whostmgr/docroot/cgi/softaculous/enduser/main/functions.php 1643
NOTICE unserialize(): Error at offset 371 of 514 bytes /usr/local/cpanel/whostmgr/docroot/cgi/softaculous/enduser/main/functions.php 1643
WARNING
WARNING
NOTICE Undefined index: wwwdir /usr/local/cpanel/whostmgr/docroot/cgi/softaculous/enduser/main/sclone.php 1228
NOTICE Undefined index: softdatadir /usr/local/cpanel/whostmgr/docroot/cgi/softaculous/enduser/main/sclone.php 1229
NOTICE Undefined index: cron_command /usr/local/cpanel/whostmgr/docroot/cgi/softaculous/enduser/main/sclone.php 1234
NOTICE Undefined index: pgtimezone /usr/local/cpanel/whostmgr/docroot/cgi/softaculous/enduser/main/functions.php 68
NOTICE Undefined index: pgtimezone /usr/local/cpanel/whostmgr/docroot/cgi/softaculous/enduser/main/functions.php 78
NOTICE Undefined index: name /usr/local/cpanel/whostmgr/docroot/cgi/softaculous/enduser/main/sclone.php 1239
NOTICE Undefined offset: 1 /usr/local/cpanel/whostmgr/docroot/cgi/softaculous/enduser/main/functions.php 11676
NOTICE Undefined offset: 1 /usr/local/cpanel/whostmgr/docroot/cgi/softaculous/enduser/main/functions.php 11676
NOTICE Undefined index: path /usr/local/cpanel/whostmgr/docroot/cgi/softaculous/enduser/main/sclone.php 982
WARNING
WARNING
NOTICE Undefined variable: query_buffer /usr/local/cpanel/whostmgr/docroot/cgi/softaculous/enduser/main/functions/clone_mysql_functions.php 2097748
WARNING
WARNING
WARNING
WARNING
WARNING
WARNING
NOTICE Undefined variable: query_buffer /usr/local/cpanel/whostmgr/docroot/cgi/softaculous/enduser/main/functions/clone_mysql_functions.php 2097748
WARNING
WARNING
WARNING
WARNING
WARNING
WARNING
NOTICE Undefined variable: query_buffer /usr/local/cpanel/whostmgr/docroot/cgi/softaculous/enduser/main/functions/clone_mysql_functions.php 2097748
WARNING
WARNING
NOTICE Undefined variable: query_buffer /usr/local/cpanel/whostmgr/docroot/cgi/softaculous/enduser/main/functions/clone_mysql_functions.php 2097748
WARNING
WARNING
NOTICE Undefined variable: query_buffer /usr/local/cpanel/whostmgr/docroot/cgi/softaculous/enduser/main/functions/clone_mysql_functions.php 2097748
WARNING
WARNING
WARNING
WARNING
NOTICE Undefined variable: query_buffer /usr/local/cpanel/whostmgr/docroot/cgi/softaculous/enduser/main/functions/clone_mysql_functions.php 2097748
WARNING
WARNING
NOTICE Undefined variable: query_buffer /usr/local/cpanel/whostmgr/docroot/cgi/softaculous/enduser/main/functions/clone_mysql_functions.php 2097748
WARNING
WARNING
NOTICE Undefined variable: query_buffer /usr/local/cpanel/whostmgr/docroot/cgi/softaculous/enduser/main/functions/clone_mysql_functions.php 2097748
WARNING
WARNING
NOTICE Undefined variable: query_buffer /usr/local/cpanel/whostmgr/docroot/cgi/softaculous/enduser/main/functions/clone_mysql_functions.php 2097748
WARNING
WARNING
NOTICE Undefined variable: query_buffer /usr/local/cpanel/whostmgr/docroot/cgi/softaculous/enduser/main/functions/clone_mysql_functions.php 2097748
NOTICE Undefined variable: result /usr/local/cpanel/whostmgr/docroot/cgi/softaculous/enduser/main/functions/clone_mysql_functions.php 209
WARNING
WARNING
WARNING
NOTICE unserialize(): Error at offset 127 of 635 bytes /usr/local/cpanel/whostmgr/docroot/cgi/softaculous/enduser/main/functions.php 1643
NOTICE unserialize(): Error at offset 299 of 752 bytes /usr/local/cpanel/whostmgr/docroot/cgi/softaculous/enduser/main/functions.php 1643
NOTICE unserialize(): Error at offset 225 of 1009 bytes /usr/local/cpanel/whostmgr/docroot/cgi/softaculous/enduser/main/functions.php 1643
NOTICE unserialize(): Error at offset 69743 of 244898 bytes /usr/local/cpanel/whostmgr/docroot/cgi/softaculous/enduser/main/functions.php 1643
NOTICE unserialize(): Error at offset 76040 of 244898 bytes /usr/local/cpanel/whostmgr/docroot/cgi/softaculous/enduser/main/functions.php 1652
NOTICE unserialize(): Error at offset 108764 of 174867 bytes /usr/local/cpanel/whostmgr/docroot/cgi/softaculous/enduser/main/functions.php 1643
NOTICE unserialize(): Error at offset 81217 of 106074 bytes /usr/local/cpanel/whostmgr/docroot/cgi/softaculous/enduser/main/functions.php 1643
NOTICE unserialize(): Error at offset 301 of 457 bytes /usr/local/cpanel/whostmgr/docroot/cgi/softaculous/enduser/main/functions.php 1643
NOTICE unserialize(): Error at offset 383 of 527 bytes /usr/local/cpanel/whostmgr/docroot/cgi/softaculous/enduser/main/functions.php 1643
NOTICE unserialize(): Error at offset 301 of 457 bytes /usr/local/cpanel/whostmgr/docroot/cgi/softaculous/enduser/main/functions.php 1643
NOTICE unserialize(): Error at offset 371 of 515 bytes /usr/local/cpanel/whostmgr/docroot/cgi/softaculous/enduser/main/functions.php 1643
NOTICE unserialize(): Error at offset 314 of 470 bytes /usr/local/cpanel/whostmgr/docroot/cgi/softaculous/enduser/main/functions.php 1643
NOTICE unserialize(): Error at offset 381 of 525 bytes /usr/local/cpanel/whostmgr/docroot/cgi/softaculous/enduser/main/functions.php 1643
NOTICE unserialize(): Error at offset 314 of 470 bytes /usr/local/cpanel/whostmgr/docroot/cgi/softaculous/enduser/main/functions.php 1643
NOTICE unserialize(): Error at offset 371 of 515 bytes /usr/local/cpanel/whostmgr/docroot/cgi/softaculous/enduser/main/functions.php 1643
NOTICE unserialize(): Error at offset 371 of 515 bytes /usr/local/cpanel/whostmgr/docroot/cgi/softaculous/enduser/main/functions.php 1643
NOTICE unserialize(): Error at offset 301 of 457 bytes /usr/local/cpanel/whostmgr/docroot/cgi/softaculous/enduser/main/functions.php 1643
NOTICE unserialize(): Error at offset 301 of 457 bytes /usr/local/cpanel/whostmgr/docroot/cgi/softaculous/enduser/main/functions.php 1643
NOTICE unserialize(): Error at offset 371 of 515 bytes /usr/local/cpanel/whostmgr/docroot/cgi/softaculous/enduser/main/functions.php 1643
WARNING
WARNING
NOTICE Undefined index: wwwdir /usr/local/cpanel/whostmgr/docroot/cgi/softaculous/enduser/main/sclone.php 1323
NOTICE Undefined index: softdatadir /usr/local/cpanel/whostmgr/docroot/cgi/softaculous/enduser/main/sclone.php 1324
NOTICE Undefined index: cron_command /usr/local/cpanel/whostmgr/docroot/cgi/softaculous/enduser/main/sclone.php 1329
NOTICE Undefined index: pgtimezone /usr/local/cpanel/whostmgr/docroot/cgi/softaculous/enduser/main/functions.php 68
NOTICE Undefined index: pgtimezone /usr/local/cpanel/whostmgr/docroot/cgi/softaculous/enduser/main/functions.php 78
NOTICE Undefined offset:1 /usr/local/cpanel/whostmgr/docroot/cgi/softaculous/includes71/main/functions.php 12010
NOTICE Undefined offset:1 /usr/local/cpanel/whostmgr/docroot/cgi/softaculous/includes71/main/functions.php 12010
NOTICE Undefined offset:1 /usr/local/cpanel/whostmgr/docroot/cgi/softaculous/includes71/main/functions.php 12012
NOTICE Undefined offset:1 /usr/local/cpanel/whostmgr/docroot/cgi/softaculous/includes71/main/functions.php 12012
NOTICE Undefined index: path /usr/local/cpanel/whostmgr/docroot/cgi/softaculous/includes71/main/sclone.php 1017
WARNING
WARNING
NOTICE Undefined variable: query_buffer /usr/local/cpanel/whostmgr/docroot/cgi/softaculous/includes71/main/functions/clone_mysql_functions.php 2097760
WARNING
WARNING
WARNING
WARNING
WARNING
WARNING
NOTICE Undefined variable: query_buffer /usr/local/cpanel/whostmgr/docroot/cgi/softaculous/includes71/main/functions/clone_mysql_functions.php 2097760
WARNING
WARNING
WARNING
WARNING
NOTICE Undefined variable: query_buffer /usr/local/cpanel/whostmgr/docroot/cgi/softaculous/includes71/main/functions/clone_mysql_functions.php 2097760
WARNING
WARNING
NOTICE Undefined variable: query_buffer /usr/local/cpanel/whostmgr/docroot/cgi/softaculous/includes71/main/functions/clone_mysql_functions.php 2097760
WARNING
WARNING
WARNING
WARNING
NOTICE Undefined variable: query_buffer /usr/local/cpanel/whostmgr/docroot/cgi/softaculous/includes71/main/functions/clone_mysql_functions.php 2097760
WARNING
WARNING
NOTICE Undefined variable: query_buffer /usr/local/cpanel/whostmgr/docroot/cgi/softaculous/includes71/main/functions/clone_mysql_functions.php 2097760
WARNING
WARNING
NOTICE Undefined variable: query_buffer /usr/local/cpanel/whostmgr/docroot/cgi/softaculous/includes71/main/functions/clone_mysql_functions.php 2097760
WARNING
WARNING
NOTICE Undefined variable: query_buffer /usr/local/cpanel/whostmgr/docroot/cgi/softaculous/includes71/main/functions/clone_mysql_functions.php 2097760
WARNING
WARNING
WARNING
WARNING
WARNING
WARNING
WARNING
WARNING
NOTICE Undefined variable: query_buffer /usr/local/cpanel/whostmgr/docroot/cgi/softaculous/includes71/main/functions/clone_mysql_functions.php 2097760
WARNING
WARNING
NOTICE Undefined variable: query_buffer /usr/local/cpanel/whostmgr/docroot/cgi/softaculous/includes71/main/functions/clone_mysql_functions.php 2097760
NOTICE unserialize(): Error at offset 11649 of 413281 bytes /usr/local/cpanel/whostmgr/docroot/cgi/softaculous/includes71/main/functions/clone_mysql_functions.php 574
WARNING
WARNING
WARNING
NOTICE Undefined variable: query_buffer /usr/local/cpanel/whostmgr/docroot/cgi/softaculous/includes71/main/functions/clone_mysql_functions.php 2097760
WARNING
WARNING
NOTICE Undefined variable: query_buffer /usr/local/cpanel/whostmgr/docroot/cgi/softaculous/includes71/main/functions/clone_mysql_functions.php 2097760
WARNING
WARNING
WARNING
WARNING
NOTICE Undefined variable: query_buffer /usr/local/cpanel/whostmgr/docroot/cgi/softaculous/includes71/main/functions/clone_mysql_functions.php 2097760
WARNING
WARNING
NOTICE Undefined variable: query_buffer /usr/local/cpanel/whostmgr/docroot/cgi/softaculous/includes71/main/functions/clone_mysql_functions.php 2097760
WARNING
WARNING
NOTICE Undefined variable: query_buffer /usr/local/cpanel/whostmgr/docroot/cgi/softaculous/includes71/main/functions/clone_mysql_functions.php 2097760
WARNING
WARNING
NOTICE Undefined variable: query_buffer /usr/local/cpanel/whostmgr/docroot/cgi/softaculous/includes71/main/functions/clone_mysql_functions.php 2097760
WARNING
WARNING
NOTICE Undefined variable: query_buffer /usr/local/cpanel/whostmgr/docroot/cgi/softaculous/includes71/main/functions/clone_mysql_functions.php 2097760
WARNING
WARNING
NOTICE Undefined variable: query_buffer /usr/local/cpanel/whostmgr/docroot/cgi/softaculous/includes71/main/functions/clone_mysql_functions.php 2097760
WARNING
WARNING
NOTICE Undefined variable: query_buffer /usr/local/cpanel/whostmgr/docroot/cgi/softaculous/includes71/main/functions/clone_mysql_functions.php 2097760
WARNING
WARNING
NOTICE Undefined variable: query_buffer /usr/local/cpanel/whostmgr/docroot/cgi/softaculous/includes71/main/functions/clone_mysql_functions.php 2097760
NOTICE Undefined variable: result /usr/local/cpanel/whostmgr/docroot/cgi/softaculous/includes71/main/functions/clone_mysql_functions.php 213
WARNING
WARNING
WARNING
NOTICE Undefined index: path /var/softaculous/wp/php71/clone.php 45
WARNING
NOTICE Undefined index: wwwdir /usr/local/cpanel/whostmgr/docroot/cgi/softaculous/includes71/main/sclone.php 1381
NOTICE Undefined index: softdatadir /usr/local/cpanel/whostmgr/docroot/cgi/softaculous/includes71/main/sclone.php 1382
NOTICE Undefined index: cron_command /usr/local/cpanel/whostmgr/docroot/cgi/softaculous/includes71/main/sclone.php 1387
NOTICE Undefined index: pgtimezone /usr/local/cpanel/whostmgr/docroot/cgi/softaculous/includes71/main/functions.php 68
NOTICE Undefined index: pgtimezone /usr/local/cpanel/whostmgr/docroot/cgi/softaculous/includes71/main/functions.php 78
NOTICE Undefined offset:1 /usr/local/cpanel/whostmgr/docroot/cgi/softaculous/includes71/main/functions.php 12010
NOTICE Undefined offset:1 /usr/local/cpanel/whostmgr/docroot/cgi/softaculous/includes71/main/functions.php 12010
NOTICE Undefined offset:1 /usr/local/cpanel/whostmgr/docroot/cgi/softaculous/includes71/main/functions.php 12012
NOTICE Undefined offset:1 /usr/local/cpanel/whostmgr/docroot/cgi/softaculous/includes71/main/functions.php 12012
NOTICE Undefined index: path /usr/local/cpanel/whostmgr/docroot/cgi/softaculous/includes71/main/sclone.php 1017
WARNING
WARNING
NOTICE Undefined variable: query_buffer /usr/local/cpanel/whostmgr/docroot/cgi/softaculous/includes71/main/functions/clone_mysql_functions.php 2097760
WARNING
WARNING
WARNING
WARNING
NOTICE Undefined variable: query_buffer /usr/local/cpanel/whostmgr/docroot/cgi/softaculous/includes71/main/functions/clone_mysql_functions.php 2097760
WARNING
WARNING
NOTICE Undefined variable: query_buffer /usr/local/cpanel/whostmgr/docroot/cgi/softaculous/includes71/main/functions/clone_mysql_functions.php 2097760
WARNING
WARNING
WARNING
WARNING
NOTICE Undefined variable: query_buffer /usr/local/cpanel/whostmgr/docroot/cgi/softaculous/includes71/main/functions/clone_mysql_functions.php 2097760
WARNING
WARNING
NOTICE Undefined variable: query_buffer /usr/local/cpanel/whostmgr/docroot/cgi/softaculous/includes71/main/functions/clone_mysql_functions.php 2097760
WARNING
WARNING
WARNING
WARNING
NOTICE Undefined variable: query_buffer /usr/local/cpanel/whostmgr/docroot/cgi/softaculous/includes71/main/functions/clone_mysql_functions.php 2097760
WARNING
WARNING
NOTICE Undefined variable: query_buffer /usr/local/cpanel/whostmgr/docroot/cgi/softaculous/includes71/main/functions/clone_mysql_functions.php 2097760
WARNING
WARNING
NOTICE Undefined variable: query_buffer /usr/local/cpanel/whostmgr/docroot/cgi/softaculous/includes71/main/functions/clone_mysql_functions.php 2097760
WARNING
WARNING
NOTICE Undefined variable: query_buffer /usr/local/cpanel/whostmgr/docroot/cgi/softaculous/includes71/main/functions/clone_mysql_functions.php 2097760
WARNING
WARNING
WARNING
WARNING
WARNING
WARNING
WARNING
WARNING
NOTICE Undefined variable: query_buffer /usr/local/cpanel/whostmgr/docroot/cgi/softaculous/includes71/main/functions/clone_mysql_functions.php 2097760
WARNING
WARNING
NOTICE Undefined variable: query_buffer /usr/local/cpanel/whostmgr/docroot/cgi/softaculous/includes71/main/functions/clone_mysql_functions.php 2097760
NOTICE unserialize(): Error at offset 11649 of 413281 bytes /usr/local/cpanel/whostmgr/docroot/cgi/softaculous/includes71/main/functions/clone_mysql_functions.php 574
WARNING
WARNING
WARNING
NOTICE Undefined variable: query_buffer /usr/local/cpanel/whostmgr/docroot/cgi/softaculous/includes71/main/functions/clone_mysql_functions.php 2097760
WARNING
WARNING
NOTICE Undefined variable: query_buffer /usr/local/cpanel/whostmgr/docroot/cgi/softaculous/includes71/main/functions/clone_mysql_functions.php 2097760
WARNING
WARNING
WARNING
WARNING
NOTICE Undefined variable: query_buffer /usr/local/cpanel/whostmgr/docroot/cgi/softaculous/includes71/main/functions/clone_mysql_functions.php 2097760
WARNING
WARNING
NOTICE Undefined variable: query_buffer /usr/local/cpanel/whostmgr/docroot/cgi/softaculous/includes71/main/functions/clone_mysql_functions.php 2097760
WARNING
WARNING
NOTICE Undefined variable: query_buffer /usr/local/cpanel/whostmgr/docroot/cgi/softaculous/includes71/main/functions/clone_mysql_functions.php 2097760
WARNING
WARNING
NOTICE Undefined variable: query_buffer /usr/local/cpanel/whostmgr/docroot/cgi/softaculous/includes71/main/functions/clone_mysql_functions.php 2097760
WARNING
WARNING
NOTICE Undefined variable: query_buffer /usr/local/cpanel/whostmgr/docroot/cgi/softaculous/includes71/main/functions/clone_mysql_functions.php 2097760
WARNING
WARNING
NOTICE Undefined variable: query_buffer /usr/local/cpanel/whostmgr/docroot/cgi/softaculous/includes71/main/functions/clone_mysql_functions.php 2097760
WARNING
WARNING
NOTICE Undefined variable: query_buffer /usr/local/cpanel/whostmgr/docroot/cgi/softaculous/includes71/main/functions/clone_mysql_functions.php 2097760
WARNING
WARNING
NOTICE Undefined variable: query_buffer /usr/local/cpanel/whostmgr/docroot/cgi/softaculous/includes71/main/functions/clone_mysql_functions.php 2097760
NOTICE Undefined variable: result /usr/local/cpanel/whostmgr/docroot/cgi/softaculous/includes71/main/functions/clone_mysql_functions.php 213
WARNING
WARNING
WARNING
NOTICE Undefined index: path /var/softaculous/wp/php71/clone.php 45
WARNING
NOTICE Undefined index: wwwdir /usr/local/cpanel/whostmgr/docroot/cgi/softaculous/includes71/main/sclone.php 1381
NOTICE Undefined index: softdatadir /usr/local/cpanel/whostmgr/docroot/cgi/softaculous/includes71/main/sclone.php 1382
NOTICE Undefined index: cron_command /usr/local/cpanel/whostmgr/docroot/cgi/softaculous/includes71/main/sclone.php 1387
NOTICE Undefined index: pgtimezone /usr/local/cpanel/whostmgr/docroot/cgi/softaculous/includes71/main/functions.php 68
NOTICE Undefined index: pgtimezone /usr/local/cpanel/whostmgr/docroot/cgi/softaculous/includes71/main/functions.php 78
NOTICE Undefined offset:1 /usr/local/cpanel/whostmgr/docroot/cgi/softaculous/includes71/main/functions.php 12010
NOTICE Undefined offset:1 /usr/local/cpanel/whostmgr/docroot/cgi/softaculous/includes71/main/functions.php 12010
NOTICE Undefined offset:1 /usr/local/cpanel/whostmgr/docroot/cgi/softaculous/includes71/main/functions.php 12012
NOTICE Undefined offset:1 /usr/local/cpanel/whostmgr/docroot/cgi/softaculous/includes71/main/functions.php 12012
NOTICE Undefined index: path /usr/local/cpanel/whostmgr/docroot/cgi/softaculous/includes71/main/sclone.php 1017
WARNING
WARNING
NOTICE Undefined variable: query_buffer /usr/local/cpanel/whostmgr/docroot/cgi/softaculous/includes71/main/functions/clone_mysql_functions.php 2097760
WARNING
WARNING
WARNING
WARNING
NOTICE Undefined variable: query_buffer /usr/local/cpanel/whostmgr/docroot/cgi/softaculous/includes71/main/functions/clone_mysql_functions.php 2097760
WARNING
WARNING
NOTICE Undefined variable: query_buffer /usr/local/cpanel/whostmgr/docroot/cgi/softaculous/includes71/main/functions/clone_mysql_functions.php 2097760
WARNING
WARNING
WARNING
WARNING
NOTICE Undefined variable: query_buffer /usr/local/cpanel/whostmgr/docroot/cgi/softaculous/includes71/main/functions/clone_mysql_functions.php 2097760
WARNING
WARNING
NOTICE Undefined variable: query_buffer /usr/local/cpanel/whostmgr/docroot/cgi/softaculous/includes71/main/functions/clone_mysql_functions.php 2097760
WARNING
WARNING
WARNING
WARNING
NOTICE Undefined variable: query_buffer /usr/local/cpanel/whostmgr/docroot/cgi/softaculous/includes71/main/functions/clone_mysql_functions.php 2097760
WARNING
WARNING
NOTICE Undefined variable: query_buffer /usr/local/cpanel/whostmgr/docroot/cgi/softaculous/includes71/main/functions/clone_mysql_functions.php 2097760
WARNING
WARNING
NOTICE Undefined variable: query_buffer /usr/local/cpanel/whostmgr/docroot/cgi/softaculous/includes71/main/functions/clone_mysql_functions.php 2097760
WARNING
WARNING
NOTICE Undefined variable: query_buffer /usr/local/cpanel/whostmgr/docroot/cgi/softaculous/includes71/main/functions/clone_mysql_functions.php 2097760
WARNING
WARNING
WARNING
WARNING
WARNING
WARNING
WARNING
WARNING
NOTICE Undefined variable: query_buffer /usr/local/cpanel/whostmgr/docroot/cgi/softaculous/includes71/main/functions/clone_mysql_functions.php 2097760
WARNING
WARNING
NOTICE Undefined variable: query_buffer /usr/local/cpanel/whostmgr/docroot/cgi/softaculous/includes71/main/functions/clone_mysql_functions.php 2097760
NOTICE unserialize(): Error at offset 11649 of 413281 bytes /usr/local/cpanel/whostmgr/docroot/cgi/softaculous/includes71/main/functions/clone_mysql_functions.php 574
WARNING
WARNING
WARNING
NOTICE Undefined variable: query_buffer /usr/local/cpanel/whostmgr/docroot/cgi/softaculous/includes71/main/functions/clone_mysql_functions.php 2097760
WARNING
WARNING
NOTICE Undefined variable: query_buffer /usr/local/cpanel/whostmgr/docroot/cgi/softaculous/includes71/main/functions/clone_mysql_functions.php 2097760
WARNING
WARNING
WARNING
WARNING
NOTICE Undefined variable: query_buffer /usr/local/cpanel/whostmgr/docroot/cgi/softaculous/includes71/main/functions/clone_mysql_functions.php 2097760
WARNING
WARNING
NOTICE Undefined variable: query_buffer /usr/local/cpanel/whostmgr/docroot/cgi/softaculous/includes71/main/functions/clone_mysql_functions.php 2097760
WARNING
WARNING
NOTICE Undefined variable: query_buffer /usr/local/cpanel/whostmgr/docroot/cgi/softaculous/includes71/main/functions/clone_mysql_functions.php 2097760
WARNING
WARNING
NOTICE Undefined variable: query_buffer /usr/local/cpanel/whostmgr/docroot/cgi/softaculous/includes71/main/functions/clone_mysql_functions.php 2097760
WARNING
WARNING
NOTICE Undefined variable: query_buffer /usr/local/cpanel/whostmgr/docroot/cgi/softaculous/includes71/main/functions/clone_mysql_functions.php 2097760
WARNING
WARNING
NOTICE Undefined variable: query_buffer /usr/local/cpanel/whostmgr/docroot/cgi/softaculous/includes71/main/functions/clone_mysql_functions.php 2097760
WARNING
WARNING
NOTICE Undefined variable: query_buffer /usr/local/cpanel/whostmgr/docroot/cgi/softaculous/includes71/main/functions/clone_mysql_functions.php 2097760
WARNING
WARNING
NOTICE Undefined variable: query_buffer /usr/local/cpanel/whostmgr/docroot/cgi/softaculous/includes71/main/functions/clone_mysql_functions.php 2097760
NOTICE Undefined variable: result /usr/local/cpanel/whostmgr/docroot/cgi/softaculous/includes71/main/functions/clone_mysql_functions.php 213
WARNING
WARNING
WARNING
NOTICE Undefined index: path /var/softaculous/wp/php71/clone.php 45
WARNING
NOTICE Undefined index: wwwdir /usr/local/cpanel/whostmgr/docroot/cgi/softaculous/includes71/main/sclone.php 1381
NOTICE Undefined index: softdatadir /usr/local/cpanel/whostmgr/docroot/cgi/softaculous/includes71/main/sclone.php 1382
NOTICE Undefined index: cron_command /usr/local/cpanel/whostmgr/docroot/cgi/softaculous/includes71/main/sclone.php 1387
NOTICE Undefined index: pgtimezone /usr/local/cpanel/whostmgr/docroot/cgi/softaculous/includes71/main/functions.php 68
NOTICE Undefined index: pgtimezone /usr/local/cpanel/whostmgr/docroot/cgi/softaculous/includes71/main/functions.php 78
NOTICE Undefined offset:1 /usr/local/cpanel/whostmgr/docroot/cgi/softaculous/includes71/main/functions.php 12010
NOTICE Undefined offset:1 /usr/local/cpanel/whostmgr/docroot/cgi/softaculous/includes71/main/functions.php 12010
NOTICE Undefined offset:1 /usr/local/cpanel/whostmgr/docroot/cgi/softaculous/includes71/main/functions.php 12012
NOTICE Undefined offset:1 /usr/local/cpanel/whostmgr/docroot/cgi/softaculous/includes71/main/functions.php 12012
NOTICE Undefined index: path /usr/local/cpanel/whostmgr/docroot/cgi/softaculous/includes71/main/sclone.php 1017
WARNING
WARNING
NOTICE Undefined variable: query_buffer /usr/local/cpanel/whostmgr/docroot/cgi/softaculous/includes71/main/functions/clone_mysql_functions.php 2097760
WARNING
WARNING
WARNING
WARNING
NOTICE Undefined variable: query_buffer /usr/local/cpanel/whostmgr/docroot/cgi/softaculous/includes71/main/functions/clone_mysql_functions.php 2097760
WARNING
WARNING
NOTICE Undefined variable: query_buffer /usr/local/cpanel/whostmgr/docroot/cgi/softaculous/includes71/main/functions/clone_mysql_functions.php 2097760
WARNING
WARNING
WARNING
WARNING
NOTICE Undefined variable: query_buffer /usr/local/cpanel/whostmgr/docroot/cgi/softaculous/includes71/main/functions/clone_mysql_functions.php 2097760
WARNING
WARNING
NOTICE Undefined variable: query_buffer /usr/local/cpanel/whostmgr/docroot/cgi/softaculous/includes71/main/functions/clone_mysql_functions.php 2097760
WARNING
WARNING
WARNING
WARNING
NOTICE Undefined variable: query_buffer /usr/local/cpanel/whostmgr/docroot/cgi/softaculous/includes71/main/functions/clone_mysql_functions.php 2097760
WARNING
WARNING
NOTICE Undefined variable: query_buffer /usr/local/cpanel/whostmgr/docroot/cgi/softaculous/includes71/main/functions/clone_mysql_functions.php 2097760
WARNING
WARNING
NOTICE Undefined variable: query_buffer /usr/local/cpanel/whostmgr/docroot/cgi/softaculous/includes71/main/functions/clone_mysql_functions.php 2097760
WARNING
WARNING
NOTICE Undefined variable: query_buffer /usr/local/cpanel/whostmgr/docroot/cgi/softaculous/includes71/main/functions/clone_mysql_functions.php 2097760
WARNING
WARNING
WARNING
WARNING
WARNING
WARNING
WARNING
WARNING
NOTICE Undefined variable: query_buffer /usr/local/cpanel/whostmgr/docroot/cgi/softaculous/includes71/main/functions/clone_mysql_functions.php 2097760
WARNING
WARNING
NOTICE Undefined variable: query_buffer /usr/local/cpanel/whostmgr/docroot/cgi/softaculous/includes71/main/functions/clone_mysql_functions.php 2097760
NOTICE unserialize(): Error at offset 11649 of 413281 bytes /usr/local/cpanel/whostmgr/docroot/cgi/softaculous/includes71/main/functions/clone_mysql_functions.php 574
WARNING
WARNING
WARNING
NOTICE Undefined variable: query_buffer /usr/local/cpanel/whostmgr/docroot/cgi/softaculous/includes71/main/functions/clone_mysql_functions.php 2097760
WARNING
WARNING
NOTICE Undefined variable: query_buffer /usr/local/cpanel/whostmgr/docroot/cgi/softaculous/includes71/main/functions/clone_mysql_functions.php 2097760
WARNING
WARNING
WARNING
WARNING
NOTICE Undefined variable: query_buffer /usr/local/cpanel/whostmgr/docroot/cgi/softaculous/includes71/main/functions/clone_mysql_functions.php 2097760
WARNING
WARNING
NOTICE Undefined variable: query_buffer /usr/local/cpanel/whostmgr/docroot/cgi/softaculous/includes71/main/functions/clone_mysql_functions.php 2097760
WARNING
WARNING
NOTICE Undefined variable: query_buffer /usr/local/cpanel/whostmgr/docroot/cgi/softaculous/includes71/main/functions/clone_mysql_functions.php 2097760
WARNING
WARNING
NOTICE Undefined variable: query_buffer /usr/local/cpanel/whostmgr/docroot/cgi/softaculous/includes71/main/functions/clone_mysql_functions.php 2097760
WARNING
WARNING
NOTICE Undefined variable: query_buffer /usr/local/cpanel/whostmgr/docroot/cgi/softaculous/includes71/main/functions/clone_mysql_functions.php 2097760
WARNING
WARNING
NOTICE Undefined variable: query_buffer /usr/local/cpanel/whostmgr/docroot/cgi/softaculous/includes71/main/functions/clone_mysql_functions.php 2097760
WARNING
WARNING
NOTICE Undefined variable: query_buffer /usr/local/cpanel/whostmgr/docroot/cgi/softaculous/includes71/main/functions/clone_mysql_functions.php 2097760
WARNING
WARNING
NOTICE Undefined variable: query_buffer /usr/local/cpanel/whostmgr/docroot/cgi/softaculous/includes71/main/functions/clone_mysql_functions.php 2097760
NOTICE Undefined variable: result /usr/local/cpanel/whostmgr/docroot/cgi/softaculous/includes71/main/functions/clone_mysql_functions.php 213
WARNING
WARNING
WARNING
NOTICE Undefined index: path /var/softaculous/wp/php71/clone.php 45
WARNING
NOTICE Undefined index: wwwdir /usr/local/cpanel/whostmgr/docroot/cgi/softaculous/includes71/main/sclone.php 1381
NOTICE Undefined index: softdatadir /usr/local/cpanel/whostmgr/docroot/cgi/softaculous/includes71/main/sclone.php 1382
NOTICE Undefined index: cron_command /usr/local/cpanel/whostmgr/docroot/cgi/softaculous/includes71/main/sclone.php 1387
NOTICE Undefined index: pgtimezone /usr/local/cpanel/whostmgr/docroot/cgi/softaculous/includes71/main/functions.php 68
NOTICE Undefined index: pgtimezone /usr/local/cpanel/whostmgr/docroot/cgi/softaculous/includes71/main/functions.php 78
NOTICE Undefined offset:1 /usr/local/cpanel/whostmgr/docroot/cgi/softaculous/includes71/main/functions.php 12010
NOTICE Undefined offset:1 /usr/local/cpanel/whostmgr/docroot/cgi/softaculous/includes71/main/functions.php 12010
NOTICE Undefined offset:1 /usr/local/cpanel/whostmgr/docroot/cgi/softaculous/includes71/main/functions.php 12012
NOTICE Undefined offset:1 /usr/local/cpanel/whostmgr/docroot/cgi/softaculous/includes71/main/functions.php 12012
NOTICE Undefined index: path /usr/local/cpanel/whostmgr/docroot/cgi/softaculous/includes71/main/sclone.php 1017
WARNING
WARNING
NOTICE Undefined variable: query_buffer /usr/local/cpanel/whostmgr/docroot/cgi/softaculous/includes71/main/functions/clone_mysql_functions.php 2097760
WARNING
WARNING
WARNING
WARNING
NOTICE Undefined variable: query_buffer /usr/local/cpanel/whostmgr/docroot/cgi/softaculous/includes71/main/functions/clone_mysql_functions.php 2097760
WARNING
WARNING
NOTICE Undefined variable: query_buffer /usr/local/cpanel/whostmgr/docroot/cgi/softaculous/includes71/main/functions/clone_mysql_functions.php 2097760
WARNING
WARNING
WARNING
WARNING
NOTICE Undefined variable: query_buffer /usr/local/cpanel/whostmgr/docroot/cgi/softaculous/includes71/main/functions/clone_mysql_functions.php 2097760
WARNING
WARNING
NOTICE Undefined variable: query_buffer /usr/local/cpanel/whostmgr/docroot/cgi/softaculous/includes71/main/functions/clone_mysql_functions.php 2097760
WARNING
WARNING
WARNING
WARNING
NOTICE Undefined variable: query_buffer /usr/local/cpanel/whostmgr/docroot/cgi/softaculous/includes71/main/functions/clone_mysql_functions.php 2097760
WARNING
WARNING
NOTICE Undefined variable: query_buffer /usr/local/cpanel/whostmgr/docroot/cgi/softaculous/includes71/main/functions/clone_mysql_functions.php 2097760
WARNING
WARNING
NOTICE Undefined variable: query_buffer /usr/local/cpanel/whostmgr/docroot/cgi/softaculous/includes71/main/functions/clone_mysql_functions.php 2097760
WARNING
WARNING
NOTICE Undefined variable: query_buffer /usr/local/cpanel/whostmgr/docroot/cgi/softaculous/includes71/main/functions/clone_mysql_functions.php 2097760
WARNING
WARNING
WARNING
WARNING
WARNING
WARNING
WARNING
WARNING
NOTICE Undefined variable: query_buffer /usr/local/cpanel/whostmgr/docroot/cgi/softaculous/includes71/main/functions/clone_mysql_functions.php 2097760
WARNING
WARNING
NOTICE Undefined variable: query_buffer /usr/local/cpanel/whostmgr/docroot/cgi/softaculous/includes71/main/functions/clone_mysql_functions.php 2097760
NOTICE unserialize(): Error at offset 11649 of 413281 bytes /usr/local/cpanel/whostmgr/docroot/cgi/softaculous/includes71/main/functions/clone_mysql_functions.php 574
WARNING
WARNING
WARNING
NOTICE Undefined variable: query_buffer /usr/local/cpanel/whostmgr/docroot/cgi/softaculous/includes71/main/functions/clone_mysql_functions.php 2097760
WARNING
WARNING
NOTICE Undefined variable: query_buffer /usr/local/cpanel/whostmgr/docroot/cgi/softaculous/includes71/main/functions/clone_mysql_functions.php 2097760
WARNING
WARNING
WARNING
WARNING
NOTICE Undefined variable: query_buffer /usr/local/cpanel/whostmgr/docroot/cgi/softaculous/includes71/main/functions/clone_mysql_functions.php 2097760
WARNING
WARNING
NOTICE Undefined variable: query_buffer /usr/local/cpanel/whostmgr/docroot/cgi/softaculous/includes71/main/functions/clone_mysql_functions.php 2097760
WARNING
WARNING
NOTICE Undefined variable: query_buffer /usr/local/cpanel/whostmgr/docroot/cgi/softaculous/includes71/main/functions/clone_mysql_functions.php 2097760
WARNING
WARNING
NOTICE Undefined variable: query_buffer /usr/local/cpanel/whostmgr/docroot/cgi/softaculous/includes71/main/functions/clone_mysql_functions.php 2097760
WARNING
WARNING
NOTICE Undefined variable: query_buffer /usr/local/cpanel/whostmgr/docroot/cgi/softaculous/includes71/main/functions/clone_mysql_functions.php 2097760
WARNING
WARNING
NOTICE Undefined variable: query_buffer /usr/local/cpanel/whostmgr/docroot/cgi/softaculous/includes71/main/functions/clone_mysql_functions.php 2097760
WARNING
WARNING
NOTICE Undefined variable: query_buffer /usr/local/cpanel/whostmgr/docroot/cgi/softaculous/includes71/main/functions/clone_mysql_functions.php 2097760
WARNING
WARNING
NOTICE Undefined variable: query_buffer /usr/local/cpanel/whostmgr/docroot/cgi/softaculous/includes71/main/functions/clone_mysql_functions.php 2097760
NOTICE Undefined variable: result /usr/local/cpanel/whostmgr/docroot/cgi/softaculous/includes71/main/functions/clone_mysql_functions.php 213
WARNING
WARNING
WARNING
NOTICE Undefined index: path /var/softaculous/wp/php71/clone.php 45
WARNING
NOTICE Undefined index: wwwdir /usr/local/cpanel/whostmgr/docroot/cgi/softaculous/includes71/main/sclone.php 1381
NOTICE Undefined index: softdatadir /usr/local/cpanel/whostmgr/docroot/cgi/softaculous/includes71/main/sclone.php 1382
NOTICE Undefined index: cron_command /usr/local/cpanel/whostmgr/docroot/cgi/softaculous/includes71/main/sclone.php 1387
NOTICE Undefined index: pgtimezone /usr/local/cpanel/whostmgr/docroot/cgi/softaculous/includes71/main/functions.php 68
NOTICE Undefined index: pgtimezone /usr/local/cpanel/whostmgr/docroot/cgi/softaculous/includes71/main/functions.php 78
NOTICE Undefined offset:1 /usr/local/cpanel/whostmgr/docroot/cgi/softaculous/includes71/main/functions.php 12010
NOTICE Undefined offset:1 /usr/local/cpanel/whostmgr/docroot/cgi/softaculous/includes71/main/functions.php 12010
NOTICE Undefined offset:1 /usr/local/cpanel/whostmgr/docroot/cgi/softaculous/includes71/main/functions.php 12012
NOTICE Undefined offset:1 /usr/local/cpanel/whostmgr/docroot/cgi/softaculous/includes71/main/functions.php 12012
NOTICE Undefined index: path /usr/local/cpanel/whostmgr/docroot/cgi/softaculous/includes71/main/sclone.php 1017
WARNING
WARNING
NOTICE Undefined variable: query_buffer /usr/local/cpanel/whostmgr/docroot/cgi/softaculous/includes71/main/functions/clone_mysql_functions.php 2097760
WARNING
WARNING
WARNING
WARNING
NOTICE Undefined variable: query_buffer /usr/local/cpanel/whostmgr/docroot/cgi/softaculous/includes71/main/functions/clone_mysql_functions.php 2097760
WARNING
WARNING
NOTICE Undefined variable: query_buffer /usr/local/cpanel/whostmgr/docroot/cgi/softaculous/includes71/main/functions/clone_mysql_functions.php 2097760
WARNING
WARNING
WARNING
WARNING
NOTICE Undefined variable: query_buffer /usr/local/cpanel/whostmgr/docroot/cgi/softaculous/includes71/main/functions/clone_mysql_functions.php 2097760
WARNING
WARNING
NOTICE Undefined variable: query_buffer /usr/local/cpanel/whostmgr/docroot/cgi/softaculous/includes71/main/functions/clone_mysql_functions.php 2097760
WARNING
WARNING
WARNING
WARNING
NOTICE Undefined variable: query_buffer /usr/local/cpanel/whostmgr/docroot/cgi/softaculous/includes71/main/functions/clone_mysql_functions.php 2097760
WARNING
WARNING
NOTICE Undefined variable: query_buffer /usr/local/cpanel/whostmgr/docroot/cgi/softaculous/includes71/main/functions/clone_mysql_functions.php 2097760
WARNING
WARNING
NOTICE Undefined variable: query_buffer /usr/local/cpanel/whostmgr/docroot/cgi/softaculous/includes71/main/functions/clone_mysql_functions.php 2097760
WARNING
WARNING
NOTICE Undefined variable: query_buffer /usr/local/cpanel/whostmgr/docroot/cgi/softaculous/includes71/main/functions/clone_mysql_functions.php 2097760
WARNING
WARNING
WARNING
WARNING
WARNING
WARNING
WARNING
WARNING
NOTICE Undefined variable: query_buffer /usr/local/cpanel/whostmgr/docroot/cgi/softaculous/includes71/main/functions/clone_mysql_functions.php 2097760
WARNING
WARNING
NOTICE Undefined variable: query_buffer /usr/local/cpanel/whostmgr/docroot/cgi/softaculous/includes71/main/functions/clone_mysql_functions.php 2097760
NOTICE unserialize(): Error at offset 25340 of 407802 bytes /usr/local/cpanel/whostmgr/docroot/cgi/softaculous/includes71/main/functions/clone_mysql_functions.php 574
WARNING
WARNING
WARNING
NOTICE Undefined variable: query_buffer /usr/local/cpanel/whostmgr/docroot/cgi/softaculous/includes71/main/functions/clone_mysql_functions.php 2097760
WARNING
WARNING
NOTICE Undefined variable: query_buffer /usr/local/cpanel/whostmgr/docroot/cgi/softaculous/includes71/main/functions/clone_mysql_functions.php 2097760
WARNING
WARNING
WARNING
WARNING
NOTICE Undefined variable: query_buffer /usr/local/cpanel/whostmgr/docroot/cgi/softaculous/includes71/main/functions/clone_mysql_functions.php 2097760
WARNING
WARNING
NOTICE Undefined variable: query_buffer /usr/local/cpanel/whostmgr/docroot/cgi/softaculous/includes71/main/functions/clone_mysql_functions.php 2097760
WARNING
WARNING
NOTICE Undefined variable: query_buffer /usr/local/cpanel/whostmgr/docroot/cgi/softaculous/includes71/main/functions/clone_mysql_functions.php 2097760
WARNING
WARNING
NOTICE Undefined variable: query_buffer /usr/local/cpanel/whostmgr/docroot/cgi/softaculous/includes71/main/functions/clone_mysql_functions.php 2097760
WARNING
WARNING
NOTICE Undefined variable: query_buffer /usr/local/cpanel/whostmgr/docroot/cgi/softaculous/includes71/main/functions/clone_mysql_functions.php 2097760
WARNING
WARNING
NOTICE Undefined variable: query_buffer /usr/local/cpanel/whostmgr/docroot/cgi/softaculous/includes71/main/functions/clone_mysql_functions.php 2097760
WARNING
WARNING
NOTICE Undefined variable: query_buffer /usr/local/cpanel/whostmgr/docroot/cgi/softaculous/includes71/main/functions/clone_mysql_functions.php 2097760
WARNING
WARNING
NOTICE Undefined variable: query_buffer /usr/local/cpanel/whostmgr/docroot/cgi/softaculous/includes71/main/functions/clone_mysql_functions.php 2097760
NOTICE Undefined variable: result /usr/local/cpanel/whostmgr/docroot/cgi/softaculous/includes71/main/functions/clone_mysql_functions.php 213
WARNING
WARNING
WARNING
NOTICE Undefined index: path /var/softaculous/wp/php71/clone.php 45
WARNING
NOTICE Undefined index: wwwdir /usr/local/cpanel/whostmgr/docroot/cgi/softaculous/includes71/main/sclone.php 1381
NOTICE Undefined index: softdatadir /usr/local/cpanel/whostmgr/docroot/cgi/softaculous/includes71/main/sclone.php 1382
NOTICE Undefined index: cron_command /usr/local/cpanel/whostmgr/docroot/cgi/softaculous/includes71/main/sclone.php 1387
NOTICE Undefined index: pgtimezone /usr/local/cpanel/whostmgr/docroot/cgi/softaculous/includes71/main/functions.php 68
NOTICE Undefined index: pgtimezone /usr/local/cpanel/whostmgr/docroot/cgi/softaculous/includes71/main/functions.php 78
NOTICE Undefined offset:1 /usr/local/cpanel/whostmgr/docroot/cgi/softaculous/includes71/main/functions.php 12010
NOTICE Undefined offset:1 /usr/local/cpanel/whostmgr/docroot/cgi/softaculous/includes71/main/functions.php 12010
NOTICE Undefined offset:1 /usr/local/cpanel/whostmgr/docroot/cgi/softaculous/includes71/main/functions.php 12012
NOTICE Undefined offset:1 /usr/local/cpanel/whostmgr/docroot/cgi/softaculous/includes71/main/functions.php 12012
NOTICE Undefined index: path /usr/local/cpanel/whostmgr/docroot/cgi/softaculous/includes71/main/sclone.php 1017
WARNING
WARNING
NOTICE Undefined variable: query_buffer /usr/local/cpanel/whostmgr/docroot/cgi/softaculous/includes71/main/functions/clone_mysql_functions.php 2097760
WARNING
WARNING
WARNING
WARNING
NOTICE Undefined variable: query_buffer /usr/local/cpanel/whostmgr/docroot/cgi/softaculous/includes71/main/functions/clone_mysql_functions.php 2097760
WARNING
WARNING
NOTICE Undefined variable: query_buffer /usr/local/cpanel/whostmgr/docroot/cgi/softaculous/includes71/main/functions/clone_mysql_functions.php 2097760
WARNING
WARNING
WARNING
WARNING
NOTICE Undefined variable: query_buffer /usr/local/cpanel/whostmgr/docroot/cgi/softaculous/includes71/main/functions/clone_mysql_functions.php 2097760
WARNING
WARNING
NOTICE Undefined variable: query_buffer /usr/local/cpanel/whostmgr/docroot/cgi/softaculous/includes71/main/functions/clone_mysql_functions.php 2097760
WARNING
WARNING
WARNING
WARNING
NOTICE Undefined variable: query_buffer /usr/local/cpanel/whostmgr/docroot/cgi/softaculous/includes71/main/functions/clone_mysql_functions.php 2097760
WARNING
WARNING
NOTICE Undefined variable: query_buffer /usr/local/cpanel/whostmgr/docroot/cgi/softaculous/includes71/main/functions/clone_mysql_functions.php 2097760
WARNING
WARNING
NOTICE Undefined variable: query_buffer /usr/local/cpanel/whostmgr/docroot/cgi/softaculous/includes71/main/functions/clone_mysql_functions.php 2097760
WARNING
WARNING
NOTICE Undefined variable: query_buffer /usr/local/cpanel/whostmgr/docroot/cgi/softaculous/includes71/main/functions/clone_mysql_functions.php 2097760
WARNING
WARNING
WARNING
WARNING
WARNING
WARNING
WARNING
WARNING
NOTICE Undefined variable: query_buffer /usr/local/cpanel/whostmgr/docroot/cgi/softaculous/includes71/main/functions/clone_mysql_functions.php 2097760
WARNING
WARNING
NOTICE Undefined variable: query_buffer /usr/local/cpanel/whostmgr/docroot/cgi/softaculous/includes71/main/functions/clone_mysql_functions.php 2097760
NOTICE unserialize(): Error at offset 25340 of 407802 bytes /usr/local/cpanel/whostmgr/docroot/cgi/softaculous/includes71/main/functions/clone_mysql_functions.php 574
WARNING
WARNING
WARNING
NOTICE Undefined variable: query_buffer /usr/local/cpanel/whostmgr/docroot/cgi/softaculous/includes71/main/functions/clone_mysql_functions.php 2097760
WARNING
WARNING
NOTICE Undefined variable: query_buffer /usr/local/cpanel/whostmgr/docroot/cgi/softaculous/includes71/main/functions/clone_mysql_functions.php 2097760
WARNING
WARNING
WARNING
WARNING
NOTICE Undefined variable: query_buffer /usr/local/cpanel/whostmgr/docroot/cgi/softaculous/includes71/main/functions/clone_mysql_functions.php 2097760
WARNING
WARNING
NOTICE Undefined variable: query_buffer /usr/local/cpanel/whostmgr/docroot/cgi/softaculous/includes71/main/functions/clone_mysql_functions.php 2097760
WARNING
WARNING
NOTICE Undefined variable: query_buffer /usr/local/cpanel/whostmgr/docroot/cgi/softaculous/includes71/main/functions/clone_mysql_functions.php 2097760
WARNING
WARNING
NOTICE Undefined variable: query_buffer /usr/local/cpanel/whostmgr/docroot/cgi/softaculous/includes71/main/functions/clone_mysql_functions.php 2097760
WARNING
WARNING
NOTICE Undefined variable: query_buffer /usr/local/cpanel/whostmgr/docroot/cgi/softaculous/includes71/main/functions/clone_mysql_functions.php 2097760
WARNING
WARNING
NOTICE Undefined variable: query_buffer /usr/local/cpanel/whostmgr/docroot/cgi/softaculous/includes71/main/functions/clone_mysql_functions.php 2097760
WARNING
WARNING
NOTICE Undefined variable: query_buffer /usr/local/cpanel/whostmgr/docroot/cgi/softaculous/includes71/main/functions/clone_mysql_functions.php 2097760
WARNING
WARNING
NOTICE Undefined variable: query_buffer /usr/local/cpanel/whostmgr/docroot/cgi/softaculous/includes71/main/functions/clone_mysql_functions.php 2097760
NOTICE Undefined variable: result /usr/local/cpanel/whostmgr/docroot/cgi/softaculous/includes71/main/functions/clone_mysql_functions.php 213
WARNING
WARNING
WARNING
NOTICE Undefined index: path /var/softaculous/wp/php71/clone.php 45
WARNING
NOTICE Undefined index: wwwdir /usr/local/cpanel/whostmgr/docroot/cgi/softaculous/includes71/main/sclone.php 1381
NOTICE Undefined index: softdatadir /usr/local/cpanel/whostmgr/docroot/cgi/softaculous/includes71/main/sclone.php 1382
NOTICE Undefined index: cron_command /usr/local/cpanel/whostmgr/docroot/cgi/softaculous/includes71/main/sclone.php 1387
NOTICE Undefined index: pgtimezone /usr/local/cpanel/whostmgr/docroot/cgi/softaculous/includes71/main/functions.php 68
NOTICE Undefined index: pgtimezone /usr/local/cpanel/whostmgr/docroot/cgi/softaculous/includes71/main/functions.php 78