
NOTICE Undefined offset: 1 /usr/local/cpanel/whostmgr/docroot/cgi/softaculous/enduser/main/functions.php 11676
NOTICE Undefined offset: 1 /usr/local/cpanel/whostmgr/docroot/cgi/softaculous/enduser/main/functions.php 11676
WARNING
WARNING
WARNING
NOTICE Undefined variable: query_buffer /usr/local/cpanel/whostmgr/docroot/cgi/softaculous/enduser/main/functions/clone_mysql_functions.php 2097748
WARNING
WARNING
WARNING
WARNING
WARNING
WARNING
NOTICE Undefined variable: query_buffer /usr/local/cpanel/whostmgr/docroot/cgi/softaculous/enduser/main/functions/clone_mysql_functions.php 2097748
WARNING
WARNING
WARNING
WARNING
WARNING
WARNING
NOTICE Undefined variable: query_buffer /usr/local/cpanel/whostmgr/docroot/cgi/softaculous/enduser/main/functions/clone_mysql_functions.php 2097748
WARNING
WARNING
NOTICE Undefined variable: query_buffer /usr/local/cpanel/whostmgr/docroot/cgi/softaculous/enduser/main/functions/clone_mysql_functions.php 2097748
WARNING
WARNING
NOTICE Undefined variable: query_buffer /usr/local/cpanel/whostmgr/docroot/cgi/softaculous/enduser/main/functions/clone_mysql_functions.php 2097748
WARNING
WARNING
WARNING
WARNING
NOTICE Undefined variable: query_buffer /usr/local/cpanel/whostmgr/docroot/cgi/softaculous/enduser/main/functions/clone_mysql_functions.php 2097748
WARNING
WARNING
NOTICE Undefined variable: query_buffer /usr/local/cpanel/whostmgr/docroot/cgi/softaculous/enduser/main/functions/clone_mysql_functions.php 2097748
WARNING
WARNING
NOTICE Undefined variable: query_buffer /usr/local/cpanel/whostmgr/docroot/cgi/softaculous/enduser/main/functions/clone_mysql_functions.php 2097748
WARNING
WARNING
NOTICE Undefined variable: query_buffer /usr/local/cpanel/whostmgr/docroot/cgi/softaculous/enduser/main/functions/clone_mysql_functions.php 2097748
WARNING
WARNING
NOTICE Undefined variable: query_buffer /usr/local/cpanel/whostmgr/docroot/cgi/softaculous/enduser/main/functions/clone_mysql_functions.php 2097748
NOTICE Undefined variable: result /usr/local/cpanel/whostmgr/docroot/cgi/softaculous/enduser/main/functions/clone_mysql_functions.php 209
WARNING
WARNING
WARNING
NOTICE unserialize(): Error at offset 142 of 623 bytes /usr/local/cpanel/whostmgr/docroot/cgi/softaculous/enduser/main/functions.php 1643
NOTICE unserialize(): Error at offset 314 of 740 bytes /usr/local/cpanel/whostmgr/docroot/cgi/softaculous/enduser/main/functions.php 1643
NOTICE unserialize(): Error at offset 240 of 997 bytes /usr/local/cpanel/whostmgr/docroot/cgi/softaculous/enduser/main/functions.php 1643
NOTICE unserialize(): Error at offset 73939 of 244881 bytes /usr/local/cpanel/whostmgr/docroot/cgi/softaculous/enduser/main/functions.php 1643
NOTICE unserialize(): Error at offset 80236 of 244881 bytes /usr/local/cpanel/whostmgr/docroot/cgi/softaculous/enduser/main/functions.php 1652
NOTICE unserialize(): Error at offset 108764 of 174867 bytes /usr/local/cpanel/whostmgr/docroot/cgi/softaculous/enduser/main/functions.php 1643
NOTICE unserialize(): Error at offset 316 of 453 bytes /usr/local/cpanel/whostmgr/docroot/cgi/softaculous/enduser/main/functions.php 1643
NOTICE unserialize(): Error at offset 398 of 523 bytes /usr/local/cpanel/whostmgr/docroot/cgi/softaculous/enduser/main/functions.php 1643
NOTICE unserialize(): Error at offset 316 of 453 bytes /usr/local/cpanel/whostmgr/docroot/cgi/softaculous/enduser/main/functions.php 1643
NOTICE unserialize(): Error at offset 386 of 511 bytes /usr/local/cpanel/whostmgr/docroot/cgi/softaculous/enduser/main/functions.php 1643
NOTICE unserialize(): Error at offset 329 of 466 bytes /usr/local/cpanel/whostmgr/docroot/cgi/softaculous/enduser/main/functions.php 1643
NOTICE unserialize(): Error at offset 396 of 521 bytes /usr/local/cpanel/whostmgr/docroot/cgi/softaculous/enduser/main/functions.php 1643
NOTICE unserialize(): Error at offset 329 of 466 bytes /usr/local/cpanel/whostmgr/docroot/cgi/softaculous/enduser/main/functions.php 1643
NOTICE unserialize(): Error at offset 386 of 511 bytes /usr/local/cpanel/whostmgr/docroot/cgi/softaculous/enduser/main/functions.php 1643
NOTICE unserialize(): Error at offset 386 of 511 bytes /usr/local/cpanel/whostmgr/docroot/cgi/softaculous/enduser/main/functions.php 1643
NOTICE unserialize(): Error at offset 316 of 453 bytes /usr/local/cpanel/whostmgr/docroot/cgi/softaculous/enduser/main/functions.php 1643
NOTICE unserialize(): Error at offset 316 of 453 bytes /usr/local/cpanel/whostmgr/docroot/cgi/softaculous/enduser/main/functions.php 1643
NOTICE unserialize(): Error at offset 386 of 511 bytes /usr/local/cpanel/whostmgr/docroot/cgi/softaculous/enduser/main/functions.php 1643
WARNING
WARNING
NOTICE Undefined index: wwwdir /usr/local/cpanel/whostmgr/docroot/cgi/softaculous/enduser/main/sclone.php 1323
NOTICE Undefined index: softdatadir /usr/local/cpanel/whostmgr/docroot/cgi/softaculous/enduser/main/sclone.php 1324
NOTICE Undefined index: cron_command /usr/local/cpanel/whostmgr/docroot/cgi/softaculous/enduser/main/sclone.php 1329
NOTICE Undefined index: pgtimezone /usr/local/cpanel/whostmgr/docroot/cgi/softaculous/enduser/main/functions.php 68
NOTICE Undefined index: pgtimezone /usr/local/cpanel/whostmgr/docroot/cgi/softaculous/enduser/main/functions.php 78
NOTICE Undefined offset: 1 /usr/local/cpanel/whostmgr/docroot/cgi/softaculous/enduser/main/functions.php 11676
NOTICE Undefined offset: 1 /usr/local/cpanel/whostmgr/docroot/cgi/softaculous/enduser/main/functions.php 11676
WARNING
WARNING
WARNING
NOTICE Undefined variable: query_buffer /usr/local/cpanel/whostmgr/docroot/cgi/softaculous/enduser/main/functions/clone_mysql_functions.php 2097748
WARNING
WARNING
WARNING
WARNING
WARNING
WARNING
NOTICE Undefined variable: query_buffer /usr/local/cpanel/whostmgr/docroot/cgi/softaculous/enduser/main/functions/clone_mysql_functions.php 2097748
WARNING
WARNING
WARNING
WARNING
WARNING
WARNING
NOTICE Undefined variable: query_buffer /usr/local/cpanel/whostmgr/docroot/cgi/softaculous/enduser/main/functions/clone_mysql_functions.php 2097748
WARNING
WARNING
NOTICE Undefined variable: query_buffer /usr/local/cpanel/whostmgr/docroot/cgi/softaculous/enduser/main/functions/clone_mysql_functions.php 2097748
WARNING
WARNING
NOTICE Undefined variable: query_buffer /usr/local/cpanel/whostmgr/docroot/cgi/softaculous/enduser/main/functions/clone_mysql_functions.php 2097748
WARNING
WARNING
WARNING
WARNING
NOTICE Undefined variable: query_buffer /usr/local/cpanel/whostmgr/docroot/cgi/softaculous/enduser/main/functions/clone_mysql_functions.php 2097748
WARNING
WARNING
NOTICE Undefined variable: query_buffer /usr/local/cpanel/whostmgr/docroot/cgi/softaculous/enduser/main/functions/clone_mysql_functions.php 2097748
WARNING
WARNING
NOTICE Undefined variable: query_buffer /usr/local/cpanel/whostmgr/docroot/cgi/softaculous/enduser/main/functions/clone_mysql_functions.php 2097748
WARNING
WARNING
NOTICE Undefined variable: query_buffer /usr/local/cpanel/whostmgr/docroot/cgi/softaculous/enduser/main/functions/clone_mysql_functions.php 2097748
WARNING
WARNING
NOTICE Undefined variable: query_buffer /usr/local/cpanel/whostmgr/docroot/cgi/softaculous/enduser/main/functions/clone_mysql_functions.php 2097748
NOTICE Undefined variable: result /usr/local/cpanel/whostmgr/docroot/cgi/softaculous/enduser/main/functions/clone_mysql_functions.php 209
WARNING
WARNING
WARNING
NOTICE unserialize(): Error at offset 142 of 508 bytes /usr/local/cpanel/whostmgr/docroot/cgi/softaculous/enduser/main/functions.php 1643
NOTICE unserialize(): Error at offset 314 of 746 bytes /usr/local/cpanel/whostmgr/docroot/cgi/softaculous/enduser/main/functions.php 1643
NOTICE unserialize(): Error at offset 240 of 1003 bytes /usr/local/cpanel/whostmgr/docroot/cgi/softaculous/enduser/main/functions.php 1643
NOTICE unserialize(): Error at offset 73939 of 244881 bytes /usr/local/cpanel/whostmgr/docroot/cgi/softaculous/enduser/main/functions.php 1643
NOTICE unserialize(): Error at offset 80236 of 244881 bytes /usr/local/cpanel/whostmgr/docroot/cgi/softaculous/enduser/main/functions.php 1652
NOTICE unserialize(): Error at offset 108764 of 174867 bytes /usr/local/cpanel/whostmgr/docroot/cgi/softaculous/enduser/main/functions.php 1643
NOTICE unserialize(): Error at offset 316 of 455 bytes /usr/local/cpanel/whostmgr/docroot/cgi/softaculous/enduser/main/functions.php 1643
NOTICE unserialize(): Error at offset 398 of 525 bytes /usr/local/cpanel/whostmgr/docroot/cgi/softaculous/enduser/main/functions.php 1643
NOTICE unserialize(): Error at offset 316 of 455 bytes /usr/local/cpanel/whostmgr/docroot/cgi/softaculous/enduser/main/functions.php 1643
NOTICE unserialize(): Error at offset 386 of 513 bytes /usr/local/cpanel/whostmgr/docroot/cgi/softaculous/enduser/main/functions.php 1643
NOTICE unserialize(): Error at offset 329 of 468 bytes /usr/local/cpanel/whostmgr/docroot/cgi/softaculous/enduser/main/functions.php 1643
NOTICE unserialize(): Error at offset 396 of 523 bytes /usr/local/cpanel/whostmgr/docroot/cgi/softaculous/enduser/main/functions.php 1643
NOTICE unserialize(): Error at offset 329 of 468 bytes /usr/local/cpanel/whostmgr/docroot/cgi/softaculous/enduser/main/functions.php 1643
NOTICE unserialize(): Error at offset 386 of 513 bytes /usr/local/cpanel/whostmgr/docroot/cgi/softaculous/enduser/main/functions.php 1643
NOTICE unserialize(): Error at offset 386 of 513 bytes /usr/local/cpanel/whostmgr/docroot/cgi/softaculous/enduser/main/functions.php 1643
NOTICE unserialize(): Error at offset 316 of 455 bytes /usr/local/cpanel/whostmgr/docroot/cgi/softaculous/enduser/main/functions.php 1643
NOTICE unserialize(): Error at offset 316 of 455 bytes /usr/local/cpanel/whostmgr/docroot/cgi/softaculous/enduser/main/functions.php 1643
NOTICE unserialize(): Error at offset 386 of 513 bytes /usr/local/cpanel/whostmgr/docroot/cgi/softaculous/enduser/main/functions.php 1643
WARNING
WARNING
NOTICE Undefined index: wwwdir /usr/local/cpanel/whostmgr/docroot/cgi/softaculous/enduser/main/sclone.php 1323
NOTICE Undefined index: softdatadir /usr/local/cpanel/whostmgr/docroot/cgi/softaculous/enduser/main/sclone.php 1324
NOTICE Undefined index: cron_command /usr/local/cpanel/whostmgr/docroot/cgi/softaculous/enduser/main/sclone.php 1329
NOTICE Undefined index: pgtimezone /usr/local/cpanel/whostmgr/docroot/cgi/softaculous/enduser/main/functions.php 68
NOTICE Undefined index: pgtimezone /usr/local/cpanel/whostmgr/docroot/cgi/softaculous/enduser/main/functions.php 78
NOTICE Undefined offset: 1 /usr/local/cpanel/whostmgr/docroot/cgi/softaculous/enduser/main/functions.php 11676
NOTICE Undefined offset: 1 /usr/local/cpanel/whostmgr/docroot/cgi/softaculous/enduser/main/functions.php 11676
WARNING
WARNING
WARNING
NOTICE Undefined variable: query_buffer /usr/local/cpanel/whostmgr/docroot/cgi/softaculous/enduser/main/functions/clone_mysql_functions.php 2097748
WARNING
WARNING
WARNING
WARNING
WARNING
WARNING
NOTICE Undefined variable: query_buffer /usr/local/cpanel/whostmgr/docroot/cgi/softaculous/enduser/main/functions/clone_mysql_functions.php 2097748
WARNING
WARNING
WARNING
WARNING
WARNING
WARNING
NOTICE Undefined variable: query_buffer /usr/local/cpanel/whostmgr/docroot/cgi/softaculous/enduser/main/functions/clone_mysql_functions.php 2097748
WARNING
WARNING
NOTICE Undefined variable: query_buffer /usr/local/cpanel/whostmgr/docroot/cgi/softaculous/enduser/main/functions/clone_mysql_functions.php 2097748
WARNING
WARNING
NOTICE Undefined variable: query_buffer /usr/local/cpanel/whostmgr/docroot/cgi/softaculous/enduser/main/functions/clone_mysql_functions.php 2097748
WARNING
WARNING
WARNING
WARNING
NOTICE Undefined variable: query_buffer /usr/local/cpanel/whostmgr/docroot/cgi/softaculous/enduser/main/functions/clone_mysql_functions.php 2097748
WARNING
WARNING
NOTICE Undefined variable: query_buffer /usr/local/cpanel/whostmgr/docroot/cgi/softaculous/enduser/main/functions/clone_mysql_functions.php 2097748
WARNING
WARNING
NOTICE Undefined variable: query_buffer /usr/local/cpanel/whostmgr/docroot/cgi/softaculous/enduser/main/functions/clone_mysql_functions.php 2097748
WARNING
WARNING
NOTICE Undefined variable: query_buffer /usr/local/cpanel/whostmgr/docroot/cgi/softaculous/enduser/main/functions/clone_mysql_functions.php 2097748
WARNING
WARNING
NOTICE Undefined variable: query_buffer /usr/local/cpanel/whostmgr/docroot/cgi/softaculous/enduser/main/functions/clone_mysql_functions.php 2097748
NOTICE Undefined variable: result /usr/local/cpanel/whostmgr/docroot/cgi/softaculous/enduser/main/functions/clone_mysql_functions.php 209
WARNING
WARNING
WARNING
NOTICE unserialize(): Error at offset 142 of 623 bytes /usr/local/cpanel/whostmgr/docroot/cgi/softaculous/enduser/main/functions.php 1643
NOTICE unserialize(): Error at offset 314 of 740 bytes /usr/local/cpanel/whostmgr/docroot/cgi/softaculous/enduser/main/functions.php 1643
NOTICE unserialize(): Error at offset 240 of 997 bytes /usr/local/cpanel/whostmgr/docroot/cgi/softaculous/enduser/main/functions.php 1643
NOTICE unserialize(): Error at offset 73939 of 244881 bytes /usr/local/cpanel/whostmgr/docroot/cgi/softaculous/enduser/main/functions.php 1643
NOTICE unserialize(): Error at offset 80236 of 244881 bytes /usr/local/cpanel/whostmgr/docroot/cgi/softaculous/enduser/main/functions.php 1652
NOTICE unserialize(): Error at offset 108764 of 174867 bytes /usr/local/cpanel/whostmgr/docroot/cgi/softaculous/enduser/main/functions.php 1643
NOTICE unserialize(): Error at offset 316 of 453 bytes /usr/local/cpanel/whostmgr/docroot/cgi/softaculous/enduser/main/functions.php 1643
NOTICE unserialize(): Error at offset 398 of 523 bytes /usr/local/cpanel/whostmgr/docroot/cgi/softaculous/enduser/main/functions.php 1643
NOTICE unserialize(): Error at offset 316 of 453 bytes /usr/local/cpanel/whostmgr/docroot/cgi/softaculous/enduser/main/functions.php 1643
NOTICE unserialize(): Error at offset 386 of 511 bytes /usr/local/cpanel/whostmgr/docroot/cgi/softaculous/enduser/main/functions.php 1643
NOTICE unserialize(): Error at offset 329 of 466 bytes /usr/local/cpanel/whostmgr/docroot/cgi/softaculous/enduser/main/functions.php 1643
NOTICE unserialize(): Error at offset 396 of 521 bytes /usr/local/cpanel/whostmgr/docroot/cgi/softaculous/enduser/main/functions.php 1643
NOTICE unserialize(): Error at offset 329 of 466 bytes /usr/local/cpanel/whostmgr/docroot/cgi/softaculous/enduser/main/functions.php 1643
NOTICE unserialize(): Error at offset 386 of 511 bytes /usr/local/cpanel/whostmgr/docroot/cgi/softaculous/enduser/main/functions.php 1643
NOTICE unserialize(): Error at offset 386 of 511 bytes /usr/local/cpanel/whostmgr/docroot/cgi/softaculous/enduser/main/functions.php 1643
NOTICE unserialize(): Error at offset 316 of 453 bytes /usr/local/cpanel/whostmgr/docroot/cgi/softaculous/enduser/main/functions.php 1643
NOTICE unserialize(): Error at offset 316 of 453 bytes /usr/local/cpanel/whostmgr/docroot/cgi/softaculous/enduser/main/functions.php 1643
NOTICE unserialize(): Error at offset 386 of 511 bytes /usr/local/cpanel/whostmgr/docroot/cgi/softaculous/enduser/main/functions.php 1643
WARNING
WARNING
NOTICE Undefined index: wwwdir /usr/local/cpanel/whostmgr/docroot/cgi/softaculous/enduser/main/sclone.php 1323
NOTICE Undefined index: softdatadir /usr/local/cpanel/whostmgr/docroot/cgi/softaculous/enduser/main/sclone.php 1324
NOTICE Undefined index: cron_command /usr/local/cpanel/whostmgr/docroot/cgi/softaculous/enduser/main/sclone.php 1329
NOTICE Undefined index: pgtimezone /usr/local/cpanel/whostmgr/docroot/cgi/softaculous/enduser/main/functions.php 68
NOTICE Undefined index: pgtimezone /usr/local/cpanel/whostmgr/docroot/cgi/softaculous/enduser/main/functions.php 78